Analysis & Synthesis report for w8
Mon Sep 08 04:56:02 2025
Quartus Prime Version 20.1.0 Build 711 06/05/2020 SJ Lite Edition


---------------------
; Table of Contents ;
---------------------
  1. Legal Notice
  2. Analysis & Synthesis Summary
  3. Analysis & Synthesis Settings
  4. Parallel Compilation
  5. Analysis & Synthesis Source Files Read
  6. Analysis & Synthesis Resource Usage Summary
  7. Analysis & Synthesis Resource Utilization by Entity
  8. Registers Removed During Synthesis
  9. General Register Statistics
 10. Multiplexer Restructuring Statistics (Restructuring Performed)
 11. Parameter Settings for User Entity Instance: Top-level Entity: |Top_Problema2_Minimo
 12. Parameter Settings for User Entity Instance: CriticalPathHarness:u_harness
 13. Parameter Settings for User Entity Instance: CriticalPathHarness:u_harness|Problema1:u_alu
 14. Parameter Settings for User Entity Instance: CriticalPathHarness:u_harness|Problema1:u_alu|suma_parametrizable:u_add
 15. Parameter Settings for User Entity Instance: CriticalPathHarness:u_harness|Problema1:u_alu|restador_parametrizable:u_sub
 16. Parameter Settings for User Entity Instance: CriticalPathHarness:u_harness|Problema1:u_alu|restador_parametrizable:u_sub|suma_parametrizable:U1
 17. Parameter Settings for User Entity Instance: CriticalPathHarness:u_harness|Problema1:u_alu|multiplier:u_mul
 18. Parameter Settings for User Entity Instance: CriticalPathHarness:u_harness|Problema1:u_alu|multiplier:u_mul|suma_parametrizable:gen_pp[0].add_i
 19. Parameter Settings for User Entity Instance: CriticalPathHarness:u_harness|Problema1:u_alu|multiplier:u_mul|suma_parametrizable:gen_pp[1].add_i
 20. Parameter Settings for User Entity Instance: CriticalPathHarness:u_harness|Problema1:u_alu|multiplier:u_mul|suma_parametrizable:gen_pp[2].add_i
 21. Parameter Settings for User Entity Instance: CriticalPathHarness:u_harness|Problema1:u_alu|multiplier:u_mul|suma_parametrizable:gen_pp[3].add_i
 22. Parameter Settings for User Entity Instance: CriticalPathHarness:u_harness|Problema1:u_alu|multiplier:u_mul|suma_parametrizable:gen_pp[4].add_i
 23. Parameter Settings for User Entity Instance: CriticalPathHarness:u_harness|Problema1:u_alu|multiplier:u_mul|suma_parametrizable:gen_pp[5].add_i
 24. Parameter Settings for User Entity Instance: CriticalPathHarness:u_harness|Problema1:u_alu|multiplier:u_mul|suma_parametrizable:gen_pp[6].add_i
 25. Parameter Settings for User Entity Instance: CriticalPathHarness:u_harness|Problema1:u_alu|multiplier:u_mul|suma_parametrizable:gen_pp[7].add_i
 26. Parameter Settings for Inferred Entity Instance: CriticalPathHarness:u_harness|Problema1:u_alu|lpm_divide:Div0
 27. Parameter Settings for Inferred Entity Instance: CriticalPathHarness:u_harness|Problema1:u_alu|lpm_divide:Mod0
 28. Port Connectivity Checks: "CriticalPathHarness:u_harness|Problema1:u_alu|multiplier:u_mul|suma_parametrizable:gen_pp[7].add_i"
 29. Port Connectivity Checks: "CriticalPathHarness:u_harness|Problema1:u_alu|multiplier:u_mul|suma_parametrizable:gen_pp[6].add_i"
 30. Port Connectivity Checks: "CriticalPathHarness:u_harness|Problema1:u_alu|multiplier:u_mul|suma_parametrizable:gen_pp[5].add_i"
 31. Port Connectivity Checks: "CriticalPathHarness:u_harness|Problema1:u_alu|multiplier:u_mul|suma_parametrizable:gen_pp[4].add_i"
 32. Port Connectivity Checks: "CriticalPathHarness:u_harness|Problema1:u_alu|multiplier:u_mul|suma_parametrizable:gen_pp[3].add_i"
 33. Port Connectivity Checks: "CriticalPathHarness:u_harness|Problema1:u_alu|multiplier:u_mul|suma_parametrizable:gen_pp[2].add_i"
 34. Port Connectivity Checks: "CriticalPathHarness:u_harness|Problema1:u_alu|multiplier:u_mul|suma_parametrizable:gen_pp[1].add_i"
 35. Port Connectivity Checks: "CriticalPathHarness:u_harness|Problema1:u_alu|multiplier:u_mul|suma_parametrizable:gen_pp[0].add_i"
 36. Port Connectivity Checks: "CriticalPathHarness:u_harness|Problema1:u_alu|restador_parametrizable:u_sub"
 37. Port Connectivity Checks: "CriticalPathHarness:u_harness|Problema1:u_alu|suma_parametrizable:u_add"
 38. Port Connectivity Checks: "CriticalPathHarness:u_harness|Problema1:u_alu"
 39. Port Connectivity Checks: "CriticalPathHarness:u_harness"
 40. Post-Synthesis Netlist Statistics for Top Partition
 41. Elapsed Time Per Partition
 42. Analysis & Synthesis Messages



----------------
; Legal Notice ;
----------------
Copyright (C) 2020  Intel Corporation. All rights reserved.
Your use of Intel Corporation's design tools, logic functions 
and other software and tools, and any partner logic 
functions, and any output files from any of the foregoing 
(including device programming or simulation files), and any 
associated documentation or information are expressly subject 
to the terms and conditions of the Intel Program License 
Subscription Agreement, the Intel Quartus Prime License Agreement,
the Intel FPGA IP License Agreement, or other applicable license
agreement, including, without limitation, that your use is for
the sole purpose of programming logic devices manufactured by
Intel and sold by Intel or its authorized distributors.  Please
refer to the applicable agreement for further details, at
https://fpgasoftware.intel.com/eula.



+-------------------------------------------------------------------------------+
; Analysis & Synthesis Summary                                                  ;
+---------------------------------+---------------------------------------------+
; Analysis & Synthesis Status     ; Successful - Mon Sep 08 04:56:02 2025       ;
; Quartus Prime Version           ; 20.1.0 Build 711 06/05/2020 SJ Lite Edition ;
; Revision Name                   ; w8                                          ;
; Top-level Entity Name           ; Top_Problema2_Minimo                        ;
; Family                          ; Cyclone V                                   ;
; Logic utilization (in ALMs)     ; N/A                                         ;
; Total registers                 ; 18                                          ;
; Total pins                      ; 25                                          ;
; Total virtual pins              ; 0                                           ;
; Total block memory bits         ; 0                                           ;
; Total DSP Blocks                ; 0                                           ;
; Total HSSI RX PCSs              ; 0                                           ;
; Total HSSI PMA RX Deserializers ; 0                                           ;
; Total HSSI TX PCSs              ; 0                                           ;
; Total HSSI PMA TX Serializers   ; 0                                           ;
; Total PLLs                      ; 0                                           ;
; Total DLLs                      ; 0                                           ;
+---------------------------------+---------------------------------------------+


+-----------------------------------------------------------------------------------------------------------------------------+
; Analysis & Synthesis Settings                                                                                               ;
+---------------------------------------------------------------------------------+----------------------+--------------------+
; Option                                                                          ; Setting              ; Default Value      ;
+---------------------------------------------------------------------------------+----------------------+--------------------+
; Device                                                                          ; 5CSXFC6D6F31C6       ;                    ;
; Top-level entity name                                                           ; Top_Problema2_Minimo ; w8                 ;
; Family name                                                                     ; Cyclone V            ; Cyclone V          ;
; Use smart compilation                                                           ; Off                  ; Off                ;
; Enable parallel Assembler and Timing Analyzer during compilation                ; On                   ; On                 ;
; Enable compact report table                                                     ; Off                  ; Off                ;
; Restructure Multiplexers                                                        ; Auto                 ; Auto               ;
; MLAB Add Timing Constraints For Mixed-Port Feed-Through Mode Setting Don't Care ; Off                  ; Off                ;
; Create Debugging Nodes for IP Cores                                             ; Off                  ; Off                ;
; Preserve fewer node names                                                       ; On                   ; On                 ;
; Intel FPGA IP Evaluation Mode                                                   ; Enable               ; Enable             ;
; Verilog Version                                                                 ; Verilog_2001         ; Verilog_2001       ;
; VHDL Version                                                                    ; VHDL_1993            ; VHDL_1993          ;
; State Machine Processing                                                        ; Auto                 ; Auto               ;
; Safe State Machine                                                              ; Off                  ; Off                ;
; Extract Verilog State Machines                                                  ; On                   ; On                 ;
; Extract VHDL State Machines                                                     ; On                   ; On                 ;
; Ignore Verilog initial constructs                                               ; Off                  ; Off                ;
; Iteration limit for constant Verilog loops                                      ; 5000                 ; 5000               ;
; Iteration limit for non-constant Verilog loops                                  ; 250                  ; 250                ;
; Add Pass-Through Logic to Inferred RAMs                                         ; On                   ; On                 ;
; Infer RAMs from Raw Logic                                                       ; On                   ; On                 ;
; Parallel Synthesis                                                              ; On                   ; On                 ;
; DSP Block Balancing                                                             ; Auto                 ; Auto               ;
; NOT Gate Push-Back                                                              ; On                   ; On                 ;
; Power-Up Don't Care                                                             ; On                   ; On                 ;
; Remove Redundant Logic Cells                                                    ; Off                  ; Off                ;
; Remove Duplicate Registers                                                      ; On                   ; On                 ;
; Ignore CARRY Buffers                                                            ; Off                  ; Off                ;
; Ignore CASCADE Buffers                                                          ; Off                  ; Off                ;
; Ignore GLOBAL Buffers                                                           ; Off                  ; Off                ;
; Ignore ROW GLOBAL Buffers                                                       ; Off                  ; Off                ;
; Ignore LCELL Buffers                                                            ; Off                  ; Off                ;
; Ignore SOFT Buffers                                                             ; On                   ; On                 ;
; Limit AHDL Integers to 32 Bits                                                  ; Off                  ; Off                ;
; Optimization Technique                                                          ; Balanced             ; Balanced           ;
; Carry Chain Length                                                              ; 70                   ; 70                 ;
; Auto Carry Chains                                                               ; On                   ; On                 ;
; Auto Open-Drain Pins                                                            ; On                   ; On                 ;
; Perform WYSIWYG Primitive Resynthesis                                           ; Off                  ; Off                ;
; Auto ROM Replacement                                                            ; On                   ; On                 ;
; Auto RAM Replacement                                                            ; On                   ; On                 ;
; Auto DSP Block Replacement                                                      ; On                   ; On                 ;
; Auto Shift Register Replacement                                                 ; Auto                 ; Auto               ;
; Allow Shift Register Merging across Hierarchies                                 ; Auto                 ; Auto               ;
; Auto Clock Enable Replacement                                                   ; On                   ; On                 ;
; Strict RAM Replacement                                                          ; Off                  ; Off                ;
; Allow Synchronous Control Signals                                               ; On                   ; On                 ;
; Force Use of Synchronous Clear Signals                                          ; Off                  ; Off                ;
; Auto Resource Sharing                                                           ; Off                  ; Off                ;
; Allow Any RAM Size For Recognition                                              ; Off                  ; Off                ;
; Allow Any ROM Size For Recognition                                              ; Off                  ; Off                ;
; Allow Any Shift Register Size For Recognition                                   ; Off                  ; Off                ;
; Use LogicLock Constraints during Resource Balancing                             ; On                   ; On                 ;
; Ignore translate_off and synthesis_off directives                               ; Off                  ; Off                ;
; Timing-Driven Synthesis                                                         ; On                   ; On                 ;
; Report Parameter Settings                                                       ; On                   ; On                 ;
; Report Source Assignments                                                       ; On                   ; On                 ;
; Report Connectivity Checks                                                      ; On                   ; On                 ;
; Ignore Maximum Fan-Out Assignments                                              ; Off                  ; Off                ;
; Synchronization Register Chain Length                                           ; 3                    ; 3                  ;
; Power Optimization During Synthesis                                             ; Normal compilation   ; Normal compilation ;
; HDL message level                                                               ; Level2               ; Level2             ;
; Suppress Register Optimization Related Messages                                 ; Off                  ; Off                ;
; Number of Removed Registers Reported in Synthesis Report                        ; 5000                 ; 5000               ;
; Number of Swept Nodes Reported in Synthesis Report                              ; 5000                 ; 5000               ;
; Number of Inverted Registers Reported in Synthesis Report                       ; 100                  ; 100                ;
; Clock MUX Protection                                                            ; On                   ; On                 ;
; Auto Gated Clock Conversion                                                     ; Off                  ; Off                ;
; Block Design Naming                                                             ; Auto                 ; Auto               ;
; SDC constraint protection                                                       ; Off                  ; Off                ;
; Synthesis Effort                                                                ; Auto                 ; Auto               ;
; Shift Register Replacement - Allow Asynchronous Clear Signal                    ; On                   ; On                 ;
; Pre-Mapping Resynthesis Optimization                                            ; Off                  ; Off                ;
; Analysis & Synthesis Message Level                                              ; Medium               ; Medium             ;
; Disable Register Merging Across Hierarchies                                     ; Auto                 ; Auto               ;
; Resource Aware Inference For Block RAM                                          ; On                   ; On                 ;
; Automatic Parallel Synthesis                                                    ; On                   ; On                 ;
; Partial Reconfiguration Bitstream ID                                            ; Off                  ; Off                ;
+---------------------------------------------------------------------------------+----------------------+--------------------+


+------------------------------------------+
; Parallel Compilation                     ;
+----------------------------+-------------+
; Processors                 ; Number      ;
+----------------------------+-------------+
; Number detected on machine ; 16          ;
; Maximum allowed            ; 16          ;
;                            ;             ;
; Average used               ; 1.00        ;
; Maximum used               ; 16          ;
;                            ;             ;
; Usage by Processor         ; % Time Used ;
;     Processor 1            ; 100.0%      ;
;     Processors 2-16        ;   0.0%      ;
+----------------------------+-------------+


+-------------------------------------------------------------------------------------------------------------------------------------------------------------------------------------------------------------------------------------------------------+
; Analysis & Synthesis Source Files Read                                                                                                                                                                                                                ;
+----------------------------------+-----------------+------------------------------+---------------------------------------------------------------------------------------------------------------------------------------------------------+---------+
; File Name with User-Entered Path ; Used in Netlist ; File Type                    ; File Name with Absolute Path                                                                                                                            ; Library ;
+----------------------------------+-----------------+------------------------------+---------------------------------------------------------------------------------------------------------------------------------------------------------+---------+
; suma_posicion.sv                 ; yes             ; User SystemVerilog HDL File  ; C:/Users/Usuario/Desktop/TEC II 2025/Taller_DD/laboratorio2/ffuchs_echavarria_digital_design_lab2_2025/problema1 + problema2/suma_posicion.sv           ;         ;
; suma_parametrizable.sv           ; yes             ; User SystemVerilog HDL File  ; C:/Users/Usuario/Desktop/TEC II 2025/Taller_DD/laboratorio2/ffuchs_echavarria_digital_design_lab2_2025/problema1 + problema2/suma_parametrizable.sv     ;         ;
; restador_parametrizable.sv       ; yes             ; User SystemVerilog HDL File  ; C:/Users/Usuario/Desktop/TEC II 2025/Taller_DD/laboratorio2/ffuchs_echavarria_digital_design_lab2_2025/problema1 + problema2/restador_parametrizable.sv ;         ;
; Problema1.sv                     ; yes             ; User SystemVerilog HDL File  ; C:/Users/Usuario/Desktop/TEC II 2025/Taller_DD/laboratorio2/ffuchs_echavarria_digital_design_lab2_2025/problema1 + problema2/Problema1.sv               ;         ;
; multiplier.sv                    ; yes             ; User SystemVerilog HDL File  ; C:/Users/Usuario/Desktop/TEC II 2025/Taller_DD/laboratorio2/ffuchs_echavarria_digital_design_lab2_2025/problema1 + problema2/multiplier.sv              ;         ;
; CriticalPathHarness.sv           ; yes             ; User SystemVerilog HDL File  ; C:/Users/Usuario/Desktop/TEC II 2025/Taller_DD/laboratorio2/ffuchs_echavarria_digital_design_lab2_2025/problema1 + problema2/CriticalPathHarness.sv     ;         ;
; Top_Problema2_Minimo.sv          ; yes             ; User SystemVerilog HDL File  ; C:/Users/Usuario/Desktop/TEC II 2025/Taller_DD/laboratorio2/ffuchs_echavarria_digital_design_lab2_2025/problema1 + problema2/Top_Problema2_Minimo.sv    ;         ;
; lpm_divide.tdf                   ; yes             ; Megafunction                 ; c:/intelfpga_lite/20.1/quartus/libraries/megafunctions/lpm_divide.tdf                                                                                   ;         ;
; abs_divider.inc                  ; yes             ; Megafunction                 ; c:/intelfpga_lite/20.1/quartus/libraries/megafunctions/abs_divider.inc                                                                                  ;         ;
; sign_div_unsign.inc              ; yes             ; Megafunction                 ; c:/intelfpga_lite/20.1/quartus/libraries/megafunctions/sign_div_unsign.inc                                                                              ;         ;
; aglobal201.inc                   ; yes             ; Megafunction                 ; c:/intelfpga_lite/20.1/quartus/libraries/megafunctions/aglobal201.inc                                                                                   ;         ;
; db/lpm_divide_9am.tdf            ; yes             ; Auto-Generated Megafunction  ; C:/Users/Usuario/Desktop/TEC II 2025/Taller_DD/laboratorio2/ffuchs_echavarria_digital_design_lab2_2025/problema1 + problema2/db/lpm_divide_9am.tdf      ;         ;
; db/sign_div_unsign_fkh.tdf       ; yes             ; Auto-Generated Megafunction  ; C:/Users/Usuario/Desktop/TEC II 2025/Taller_DD/laboratorio2/ffuchs_echavarria_digital_design_lab2_2025/problema1 + problema2/db/sign_div_unsign_fkh.tdf ;         ;
; db/alt_u_div_4te.tdf             ; yes             ; Auto-Generated Megafunction  ; C:/Users/Usuario/Desktop/TEC II 2025/Taller_DD/laboratorio2/ffuchs_echavarria_digital_design_lab2_2025/problema1 + problema2/db/alt_u_div_4te.tdf       ;         ;
; db/lpm_divide_c2m.tdf            ; yes             ; Auto-Generated Megafunction  ; C:/Users/Usuario/Desktop/TEC II 2025/Taller_DD/laboratorio2/ffuchs_echavarria_digital_design_lab2_2025/problema1 + problema2/db/lpm_divide_c2m.tdf      ;         ;
+----------------------------------+-----------------+------------------------------+---------------------------------------------------------------------------------------------------------------------------------------------------------+---------+


+------------------------------------------------------------------------------------+
; Analysis & Synthesis Resource Usage Summary                                        ;
+---------------------------------------------+--------------------------------------+
; Resource                                    ; Usage                                ;
+---------------------------------------------+--------------------------------------+
; Estimate of Logic utilization (ALMs needed) ; 117                                  ;
;                                             ;                                      ;
; Combinational ALUT usage for logic          ; 219                                  ;
;     -- 7 input functions                    ; 4                                    ;
;     -- 6 input functions                    ; 8                                    ;
;     -- 5 input functions                    ; 29                                   ;
;     -- 4 input functions                    ; 72                                   ;
;     -- <=3 input functions                  ; 106                                  ;
;                                             ;                                      ;
; Dedicated logic registers                   ; 18                                   ;
;                                             ;                                      ;
; I/O pins                                    ; 25                                   ;
;                                             ;                                      ;
; Total DSP Blocks                            ; 0                                    ;
;                                             ;                                      ;
; Maximum fan-out node                        ; CriticalPathHarness:u_harness|B_q[2] ;
; Maximum fan-out                             ; 51                                   ;
; Total fan-out                               ; 872                                  ;
; Average fan-out                             ; 3.04                                 ;
+---------------------------------------------+--------------------------------------+


+---------------------------------------------------------------------------------------------------------------------------------------------------------------------------------------------------------------------------------------------------------------------------------------------------------------------------------------------------------------------------+
; Analysis & Synthesis Resource Utilization by Entity                                                                                                                                                                                                                                                                                                                       ;
+---------------------------------------------------+---------------------+---------------------------+-------------------+------------+------+--------------+---------------------------------------------------------------------------------------------------------------------------------------------------------------------+-------------------------+--------------+
; Compilation Hierarchy Node                        ; Combinational ALUTs ; Dedicated Logic Registers ; Block Memory Bits ; DSP Blocks ; Pins ; Virtual Pins ; Full Hierarchy Name                                                                                                                                                 ; Entity Name             ; Library Name ;
+---------------------------------------------------+---------------------+---------------------------+-------------------+------------+------+--------------+---------------------------------------------------------------------------------------------------------------------------------------------------------------------+-------------------------+--------------+
; |Top_Problema2_Minimo                             ; 219 (0)             ; 18 (0)                    ; 0                 ; 0          ; 25   ; 0            ; |Top_Problema2_Minimo                                                                                                                                               ; Top_Problema2_Minimo    ; work         ;
;    |CriticalPathHarness:u_harness|                ; 219 (1)             ; 18 (18)                   ; 0                 ; 0          ; 0    ; 0            ; |Top_Problema2_Minimo|CriticalPathHarness:u_harness                                                                                                                 ; CriticalPathHarness     ; work         ;
;       |Problema1:u_alu|                           ; 218 (41)            ; 0 (0)                     ; 0                 ; 0          ; 0    ; 0            ; |Top_Problema2_Minimo|CriticalPathHarness:u_harness|Problema1:u_alu                                                                                                 ; Problema1               ; work         ;
;          |lpm_divide:Div0|                        ; 75 (0)              ; 0 (0)                     ; 0                 ; 0          ; 0    ; 0            ; |Top_Problema2_Minimo|CriticalPathHarness:u_harness|Problema1:u_alu|lpm_divide:Div0                                                                                 ; lpm_divide              ; work         ;
;             |lpm_divide_9am:auto_generated|       ; 75 (0)              ; 0 (0)                     ; 0                 ; 0          ; 0    ; 0            ; |Top_Problema2_Minimo|CriticalPathHarness:u_harness|Problema1:u_alu|lpm_divide:Div0|lpm_divide_9am:auto_generated                                                   ; lpm_divide_9am          ; work         ;
;                |sign_div_unsign_fkh:divider|      ; 75 (0)              ; 0 (0)                     ; 0                 ; 0          ; 0    ; 0            ; |Top_Problema2_Minimo|CriticalPathHarness:u_harness|Problema1:u_alu|lpm_divide:Div0|lpm_divide_9am:auto_generated|sign_div_unsign_fkh:divider                       ; sign_div_unsign_fkh     ; work         ;
;                   |alt_u_div_4te:divider|         ; 75 (75)             ; 0 (0)                     ; 0                 ; 0          ; 0    ; 0            ; |Top_Problema2_Minimo|CriticalPathHarness:u_harness|Problema1:u_alu|lpm_divide:Div0|lpm_divide_9am:auto_generated|sign_div_unsign_fkh:divider|alt_u_div_4te:divider ; alt_u_div_4te           ; work         ;
;          |lpm_divide:Mod0|                        ; 76 (0)              ; 0 (0)                     ; 0                 ; 0          ; 0    ; 0            ; |Top_Problema2_Minimo|CriticalPathHarness:u_harness|Problema1:u_alu|lpm_divide:Mod0                                                                                 ; lpm_divide              ; work         ;
;             |lpm_divide_c2m:auto_generated|       ; 76 (0)              ; 0 (0)                     ; 0                 ; 0          ; 0    ; 0            ; |Top_Problema2_Minimo|CriticalPathHarness:u_harness|Problema1:u_alu|lpm_divide:Mod0|lpm_divide_c2m:auto_generated                                                   ; lpm_divide_c2m          ; work         ;
;                |sign_div_unsign_fkh:divider|      ; 76 (0)              ; 0 (0)                     ; 0                 ; 0          ; 0    ; 0            ; |Top_Problema2_Minimo|CriticalPathHarness:u_harness|Problema1:u_alu|lpm_divide:Mod0|lpm_divide_c2m:auto_generated|sign_div_unsign_fkh:divider                       ; sign_div_unsign_fkh     ; work         ;
;                   |alt_u_div_4te:divider|         ; 76 (76)             ; 0 (0)                     ; 0                 ; 0          ; 0    ; 0            ; |Top_Problema2_Minimo|CriticalPathHarness:u_harness|Problema1:u_alu|lpm_divide:Mod0|lpm_divide_c2m:auto_generated|sign_div_unsign_fkh:divider|alt_u_div_4te:divider ; alt_u_div_4te           ; work         ;
;          |multiplier:u_mul|                       ; 22 (5)              ; 0 (0)                     ; 0                 ; 0          ; 0    ; 0            ; |Top_Problema2_Minimo|CriticalPathHarness:u_harness|Problema1:u_alu|multiplier:u_mul                                                                                ; multiplier              ; work         ;
;             |suma_parametrizable:gen_pp[1].add_i| ; 4 (0)               ; 0 (0)                     ; 0                 ; 0          ; 0    ; 0            ; |Top_Problema2_Minimo|CriticalPathHarness:u_harness|Problema1:u_alu|multiplier:u_mul|suma_parametrizable:gen_pp[1].add_i                                            ; suma_parametrizable     ; work         ;
;                |suma_posicion:sum_loop[2].fa|     ; 1 (1)               ; 0 (0)                     ; 0                 ; 0          ; 0    ; 0            ; |Top_Problema2_Minimo|CriticalPathHarness:u_harness|Problema1:u_alu|multiplier:u_mul|suma_parametrizable:gen_pp[1].add_i|suma_posicion:sum_loop[2].fa               ; suma_posicion           ; work         ;
;                |suma_posicion:sum_loop[3].fa|     ; 1 (1)               ; 0 (0)                     ; 0                 ; 0          ; 0    ; 0            ; |Top_Problema2_Minimo|CriticalPathHarness:u_harness|Problema1:u_alu|multiplier:u_mul|suma_parametrizable:gen_pp[1].add_i|suma_posicion:sum_loop[3].fa               ; suma_posicion           ; work         ;
;                |suma_posicion:sum_loop[4].fa|     ; 2 (2)               ; 0 (0)                     ; 0                 ; 0          ; 0    ; 0            ; |Top_Problema2_Minimo|CriticalPathHarness:u_harness|Problema1:u_alu|multiplier:u_mul|suma_parametrizable:gen_pp[1].add_i|suma_posicion:sum_loop[4].fa               ; suma_posicion           ; work         ;
;             |suma_parametrizable:gen_pp[2].add_i| ; 7 (0)               ; 0 (0)                     ; 0                 ; 0          ; 0    ; 0            ; |Top_Problema2_Minimo|CriticalPathHarness:u_harness|Problema1:u_alu|multiplier:u_mul|suma_parametrizable:gen_pp[2].add_i                                            ; suma_parametrizable     ; work         ;
;                |suma_posicion:sum_loop[2].fa|     ; 1 (1)               ; 0 (0)                     ; 0                 ; 0          ; 0    ; 0            ; |Top_Problema2_Minimo|CriticalPathHarness:u_harness|Problema1:u_alu|multiplier:u_mul|suma_parametrizable:gen_pp[2].add_i|suma_posicion:sum_loop[2].fa               ; suma_posicion           ; work         ;
;                |suma_posicion:sum_loop[3].fa|     ; 2 (2)               ; 0 (0)                     ; 0                 ; 0          ; 0    ; 0            ; |Top_Problema2_Minimo|CriticalPathHarness:u_harness|Problema1:u_alu|multiplier:u_mul|suma_parametrizable:gen_pp[2].add_i|suma_posicion:sum_loop[3].fa               ; suma_posicion           ; work         ;
;                |suma_posicion:sum_loop[4].fa|     ; 2 (2)               ; 0 (0)                     ; 0                 ; 0          ; 0    ; 0            ; |Top_Problema2_Minimo|CriticalPathHarness:u_harness|Problema1:u_alu|multiplier:u_mul|suma_parametrizable:gen_pp[2].add_i|suma_posicion:sum_loop[4].fa               ; suma_posicion           ; work         ;
;                |suma_posicion:sum_loop[5].fa|     ; 2 (2)               ; 0 (0)                     ; 0                 ; 0          ; 0    ; 0            ; |Top_Problema2_Minimo|CriticalPathHarness:u_harness|Problema1:u_alu|multiplier:u_mul|suma_parametrizable:gen_pp[2].add_i|suma_posicion:sum_loop[5].fa               ; suma_posicion           ; work         ;
;             |suma_parametrizable:gen_pp[3].add_i| ; 6 (0)               ; 0 (0)                     ; 0                 ; 0          ; 0    ; 0            ; |Top_Problema2_Minimo|CriticalPathHarness:u_harness|Problema1:u_alu|multiplier:u_mul|suma_parametrizable:gen_pp[3].add_i                                            ; suma_parametrizable     ; work         ;
;                |suma_posicion:sum_loop[3].fa|     ; 1 (1)               ; 0 (0)                     ; 0                 ; 0          ; 0    ; 0            ; |Top_Problema2_Minimo|CriticalPathHarness:u_harness|Problema1:u_alu|multiplier:u_mul|suma_parametrizable:gen_pp[3].add_i|suma_posicion:sum_loop[3].fa               ; suma_posicion           ; work         ;
;                |suma_posicion:sum_loop[4].fa|     ; 2 (2)               ; 0 (0)                     ; 0                 ; 0          ; 0    ; 0            ; |Top_Problema2_Minimo|CriticalPathHarness:u_harness|Problema1:u_alu|multiplier:u_mul|suma_parametrizable:gen_pp[3].add_i|suma_posicion:sum_loop[4].fa               ; suma_posicion           ; work         ;
;                |suma_posicion:sum_loop[5].fa|     ; 2 (2)               ; 0 (0)                     ; 0                 ; 0          ; 0    ; 0            ; |Top_Problema2_Minimo|CriticalPathHarness:u_harness|Problema1:u_alu|multiplier:u_mul|suma_parametrizable:gen_pp[3].add_i|suma_posicion:sum_loop[5].fa               ; suma_posicion           ; work         ;
;                |suma_posicion:sum_loop[6].fa|     ; 1 (1)               ; 0 (0)                     ; 0                 ; 0          ; 0    ; 0            ; |Top_Problema2_Minimo|CriticalPathHarness:u_harness|Problema1:u_alu|multiplier:u_mul|suma_parametrizable:gen_pp[3].add_i|suma_posicion:sum_loop[6].fa               ; suma_posicion           ; work         ;
;          |restador_parametrizable:u_sub|          ; 2 (0)               ; 0 (0)                     ; 0                 ; 0          ; 0    ; 0            ; |Top_Problema2_Minimo|CriticalPathHarness:u_harness|Problema1:u_alu|restador_parametrizable:u_sub                                                                   ; restador_parametrizable ; work         ;
;             |suma_parametrizable:U1|              ; 2 (0)               ; 0 (0)                     ; 0                 ; 0          ; 0    ; 0            ; |Top_Problema2_Minimo|CriticalPathHarness:u_harness|Problema1:u_alu|restador_parametrizable:u_sub|suma_parametrizable:U1                                            ; suma_parametrizable     ; work         ;
;                |suma_posicion:sum_loop[0].fa|     ; 1 (1)               ; 0 (0)                     ; 0                 ; 0          ; 0    ; 0            ; |Top_Problema2_Minimo|CriticalPathHarness:u_harness|Problema1:u_alu|restador_parametrizable:u_sub|suma_parametrizable:U1|suma_posicion:sum_loop[0].fa               ; suma_posicion           ; work         ;
;                |suma_posicion:sum_loop[2].fa|     ; 1 (1)               ; 0 (0)                     ; 0                 ; 0          ; 0    ; 0            ; |Top_Problema2_Minimo|CriticalPathHarness:u_harness|Problema1:u_alu|restador_parametrizable:u_sub|suma_parametrizable:U1|suma_posicion:sum_loop[2].fa               ; suma_posicion           ; work         ;
;          |suma_parametrizable:u_add|              ; 2 (0)               ; 0 (0)                     ; 0                 ; 0          ; 0    ; 0            ; |Top_Problema2_Minimo|CriticalPathHarness:u_harness|Problema1:u_alu|suma_parametrizable:u_add                                                                       ; suma_parametrizable     ; work         ;
;             |suma_posicion:sum_loop[2].fa|        ; 2 (2)               ; 0 (0)                     ; 0                 ; 0          ; 0    ; 0            ; |Top_Problema2_Minimo|CriticalPathHarness:u_harness|Problema1:u_alu|suma_parametrizable:u_add|suma_posicion:sum_loop[2].fa                                          ; suma_posicion           ; work         ;
+---------------------------------------------------+---------------------+---------------------------+-------------------+------------+------+--------------+---------------------------------------------------------------------------------------------------------------------------------------------------------------------+-------------------------+--------------+
Note: For table entries with two numbers listed, the numbers in parentheses indicate the number of resources of the given type used by the specific entity alone. The numbers listed outside of parentheses indicate the total resources of the given type used by the specific entity and all of its sub-entities in the hierarchy.


+--------------------------------------------------------------------------------------------+
; Registers Removed During Synthesis                                                         ;
+-----------------------------------------+--------------------------------------------------+
; Register name                           ; Reason for Removal                               ;
+-----------------------------------------+--------------------------------------------------+
; CriticalPathHarness:u_harness|A_q[4..7] ; Stuck at GND due to stuck port data_in           ;
; CriticalPathHarness:u_harness|B_q[4..7] ; Stuck at GND due to stuck port data_in           ;
; CriticalPathHarness:u_harness|op_q[1]   ; Merged with CriticalPathHarness:u_harness|B_q[2] ;
; CriticalPathHarness:u_harness|op_q[0]   ; Merged with CriticalPathHarness:u_harness|B_q[1] ;
; Total Number of Removed Registers = 10  ;                                                  ;
+-----------------------------------------+--------------------------------------------------+


+------------------------------------------------------+
; General Register Statistics                          ;
+----------------------------------------------+-------+
; Statistic                                    ; Value ;
+----------------------------------------------+-------+
; Total registers                              ; 18    ;
; Number of registers using Synchronous Clear  ; 0     ;
; Number of registers using Synchronous Load   ; 0     ;
; Number of registers using Asynchronous Clear ; 18    ;
; Number of registers using Asynchronous Load  ; 0     ;
; Number of registers using Clock Enable       ; 0     ;
; Number of registers using Preset             ; 0     ;
+----------------------------------------------+-------+


+-----------------------------------------------------------------------------------------------------------------------------------------------------------------------------+
; Multiplexer Restructuring Statistics (Restructuring Performed)                                                                                                              ;
+--------------------+-----------+---------------+----------------------+------------------------+------------+---------------------------------------------------------------+
; Multiplexer Inputs ; Bus Width ; Baseline Area ; Area if Restructured ; Saving if Restructured ; Registered ; Example Multiplexer Output                                    ;
+--------------------+-----------+---------------+----------------------+------------------------+------------+---------------------------------------------------------------+
; 8:1                ; 3 bits    ; 15 LEs        ; 15 LEs               ; 0 LEs                  ; Yes        ; |Top_Problema2_Minimo|CriticalPathHarness:u_harness|dout_q[5] ;
; 15:1               ; 2 bits    ; 20 LEs        ; 18 LEs               ; 2 LEs                  ; Yes        ; |Top_Problema2_Minimo|CriticalPathHarness:u_harness|dout_q[1] ;
+--------------------+-----------+---------------+----------------------+------------------------+------------+---------------------------------------------------------------+


+--------------------------------------------------------------------------------------+
; Parameter Settings for User Entity Instance: Top-level Entity: |Top_Problema2_Minimo ;
+----------------+-------+-------------------------------------------------------------+
; Parameter Name ; Value ; Type                                                        ;
+----------------+-------+-------------------------------------------------------------+
; WIDTH          ; 8     ; Signed Integer                                              ;
+----------------+-------+-------------------------------------------------------------+
Note: In order to hide this table in the UI and the text report file, please set the "Show Parameter Settings in Synthesis Report" option in "Analysis and Synthesis Settings -> More Settings" to "Off".


+----------------------------------------------------------------------------+
; Parameter Settings for User Entity Instance: CriticalPathHarness:u_harness ;
+----------------+-------+---------------------------------------------------+
; Parameter Name ; Value ; Type                                              ;
+----------------+-------+---------------------------------------------------+
; WIDTH          ; 8     ; Signed Integer                                    ;
+----------------+-------+---------------------------------------------------+
Note: In order to hide this table in the UI and the text report file, please set the "Show Parameter Settings in Synthesis Report" option in "Analysis and Synthesis Settings -> More Settings" to "Off".


+--------------------------------------------------------------------------------------------+
; Parameter Settings for User Entity Instance: CriticalPathHarness:u_harness|Problema1:u_alu ;
+----------------+-------+-------------------------------------------------------------------+
; Parameter Name ; Value ; Type                                                              ;
+----------------+-------+-------------------------------------------------------------------+
; WIDTH          ; 8     ; Signed Integer                                                    ;
; SIGNED_OVF     ; 1     ; Unsigned Binary                                                   ;
+----------------+-------+-------------------------------------------------------------------+
Note: In order to hide this table in the UI and the text report file, please set the "Show Parameter Settings in Synthesis Report" option in "Analysis and Synthesis Settings -> More Settings" to "Off".


+----------------------------------------------------------------------------------------------------------------------+
; Parameter Settings for User Entity Instance: CriticalPathHarness:u_harness|Problema1:u_alu|suma_parametrizable:u_add ;
+----------------+-------+---------------------------------------------------------------------------------------------+
; Parameter Name ; Value ; Type                                                                                        ;
+----------------+-------+---------------------------------------------------------------------------------------------+
; N              ; 8     ; Signed Integer                                                                              ;
+----------------+-------+---------------------------------------------------------------------------------------------+
Note: In order to hide this table in the UI and the text report file, please set the "Show Parameter Settings in Synthesis Report" option in "Analysis and Synthesis Settings -> More Settings" to "Off".


+--------------------------------------------------------------------------------------------------------------------------+
; Parameter Settings for User Entity Instance: CriticalPathHarness:u_harness|Problema1:u_alu|restador_parametrizable:u_sub ;
+----------------+-------+-------------------------------------------------------------------------------------------------+
; Parameter Name ; Value ; Type                                                                                            ;
+----------------+-------+-------------------------------------------------------------------------------------------------+
; N              ; 8     ; Signed Integer                                                                                  ;
+----------------+-------+-------------------------------------------------------------------------------------------------+
Note: In order to hide this table in the UI and the text report file, please set the "Show Parameter Settings in Synthesis Report" option in "Analysis and Synthesis Settings -> More Settings" to "Off".


+-------------------------------------------------------------------------------------------------------------------------------------------------+
; Parameter Settings for User Entity Instance: CriticalPathHarness:u_harness|Problema1:u_alu|restador_parametrizable:u_sub|suma_parametrizable:U1 ;
+----------------+-------+------------------------------------------------------------------------------------------------------------------------+
; Parameter Name ; Value ; Type                                                                                                                   ;
+----------------+-------+------------------------------------------------------------------------------------------------------------------------+
; N              ; 8     ; Signed Integer                                                                                                         ;
+----------------+-------+------------------------------------------------------------------------------------------------------------------------+
Note: In order to hide this table in the UI and the text report file, please set the "Show Parameter Settings in Synthesis Report" option in "Analysis and Synthesis Settings -> More Settings" to "Off".


+-------------------------------------------------------------------------------------------------------------+
; Parameter Settings for User Entity Instance: CriticalPathHarness:u_harness|Problema1:u_alu|multiplier:u_mul ;
+----------------+-------+------------------------------------------------------------------------------------+
; Parameter Name ; Value ; Type                                                                               ;
+----------------+-------+------------------------------------------------------------------------------------+
; N              ; 8     ; Signed Integer                                                                     ;
+----------------+-------+------------------------------------------------------------------------------------+
Note: In order to hide this table in the UI and the text report file, please set the "Show Parameter Settings in Synthesis Report" option in "Analysis and Synthesis Settings -> More Settings" to "Off".


+-------------------------------------------------------------------------------------------------------------------------------------------------+
; Parameter Settings for User Entity Instance: CriticalPathHarness:u_harness|Problema1:u_alu|multiplier:u_mul|suma_parametrizable:gen_pp[0].add_i ;
+----------------+-------+------------------------------------------------------------------------------------------------------------------------+
; Parameter Name ; Value ; Type                                                                                                                   ;
+----------------+-------+------------------------------------------------------------------------------------------------------------------------+
; N              ; 16    ; Signed Integer                                                                                                         ;
+----------------+-------+------------------------------------------------------------------------------------------------------------------------+
Note: In order to hide this table in the UI and the text report file, please set the "Show Parameter Settings in Synthesis Report" option in "Analysis and Synthesis Settings -> More Settings" to "Off".


+-------------------------------------------------------------------------------------------------------------------------------------------------+
; Parameter Settings for User Entity Instance: CriticalPathHarness:u_harness|Problema1:u_alu|multiplier:u_mul|suma_parametrizable:gen_pp[1].add_i ;
+----------------+-------+------------------------------------------------------------------------------------------------------------------------+
; Parameter Name ; Value ; Type                                                                                                                   ;
+----------------+-------+------------------------------------------------------------------------------------------------------------------------+
; N              ; 16    ; Signed Integer                                                                                                         ;
+----------------+-------+------------------------------------------------------------------------------------------------------------------------+
Note: In order to hide this table in the UI and the text report file, please set the "Show Parameter Settings in Synthesis Report" option in "Analysis and Synthesis Settings -> More Settings" to "Off".


+-------------------------------------------------------------------------------------------------------------------------------------------------+
; Parameter Settings for User Entity Instance: CriticalPathHarness:u_harness|Problema1:u_alu|multiplier:u_mul|suma_parametrizable:gen_pp[2].add_i ;
+----------------+-------+------------------------------------------------------------------------------------------------------------------------+
; Parameter Name ; Value ; Type                                                                                                                   ;
+----------------+-------+------------------------------------------------------------------------------------------------------------------------+
; N              ; 16    ; Signed Integer                                                                                                         ;
+----------------+-------+------------------------------------------------------------------------------------------------------------------------+
Note: In order to hide this table in the UI and the text report file, please set the "Show Parameter Settings in Synthesis Report" option in "Analysis and Synthesis Settings -> More Settings" to "Off".


+-------------------------------------------------------------------------------------------------------------------------------------------------+
; Parameter Settings for User Entity Instance: CriticalPathHarness:u_harness|Problema1:u_alu|multiplier:u_mul|suma_parametrizable:gen_pp[3].add_i ;
+----------------+-------+------------------------------------------------------------------------------------------------------------------------+
; Parameter Name ; Value ; Type                                                                                                                   ;
+----------------+-------+------------------------------------------------------------------------------------------------------------------------+
; N              ; 16    ; Signed Integer                                                                                                         ;
+----------------+-------+------------------------------------------------------------------------------------------------------------------------+
Note: In order to hide this table in the UI and the text report file, please set the "Show Parameter Settings in Synthesis Report" option in "Analysis and Synthesis Settings -> More Settings" to "Off".


+-------------------------------------------------------------------------------------------------------------------------------------------------+
; Parameter Settings for User Entity Instance: CriticalPathHarness:u_harness|Problema1:u_alu|multiplier:u_mul|suma_parametrizable:gen_pp[4].add_i ;
+----------------+-------+------------------------------------------------------------------------------------------------------------------------+
; Parameter Name ; Value ; Type                                                                                                                   ;
+----------------+-------+------------------------------------------------------------------------------------------------------------------------+
; N              ; 16    ; Signed Integer                                                                                                         ;
+----------------+-------+------------------------------------------------------------------------------------------------------------------------+
Note: In order to hide this table in the UI and the text report file, please set the "Show Parameter Settings in Synthesis Report" option in "Analysis and Synthesis Settings -> More Settings" to "Off".


+-------------------------------------------------------------------------------------------------------------------------------------------------+
; Parameter Settings for User Entity Instance: CriticalPathHarness:u_harness|Problema1:u_alu|multiplier:u_mul|suma_parametrizable:gen_pp[5].add_i ;
+----------------+-------+------------------------------------------------------------------------------------------------------------------------+
; Parameter Name ; Value ; Type                                                                                                                   ;
+----------------+-------+------------------------------------------------------------------------------------------------------------------------+
; N              ; 16    ; Signed Integer                                                                                                         ;
+----------------+-------+------------------------------------------------------------------------------------------------------------------------+
Note: In order to hide this table in the UI and the text report file, please set the "Show Parameter Settings in Synthesis Report" option in "Analysis and Synthesis Settings -> More Settings" to "Off".


+-------------------------------------------------------------------------------------------------------------------------------------------------+
; Parameter Settings for User Entity Instance: CriticalPathHarness:u_harness|Problema1:u_alu|multiplier:u_mul|suma_parametrizable:gen_pp[6].add_i ;
+----------------+-------+------------------------------------------------------------------------------------------------------------------------+
; Parameter Name ; Value ; Type                                                                                                                   ;
+----------------+-------+------------------------------------------------------------------------------------------------------------------------+
; N              ; 16    ; Signed Integer                                                                                                         ;
+----------------+-------+------------------------------------------------------------------------------------------------------------------------+
Note: In order to hide this table in the UI and the text report file, please set the "Show Parameter Settings in Synthesis Report" option in "Analysis and Synthesis Settings -> More Settings" to "Off".


+-------------------------------------------------------------------------------------------------------------------------------------------------+
; Parameter Settings for User Entity Instance: CriticalPathHarness:u_harness|Problema1:u_alu|multiplier:u_mul|suma_parametrizable:gen_pp[7].add_i ;
+----------------+-------+------------------------------------------------------------------------------------------------------------------------+
; Parameter Name ; Value ; Type                                                                                                                   ;
+----------------+-------+------------------------------------------------------------------------------------------------------------------------+
; N              ; 16    ; Signed Integer                                                                                                         ;
+----------------+-------+------------------------------------------------------------------------------------------------------------------------+
Note: In order to hide this table in the UI and the text report file, please set the "Show Parameter Settings in Synthesis Report" option in "Analysis and Synthesis Settings -> More Settings" to "Off".


+----------------------------------------------------------------------------------------------------------------+
; Parameter Settings for Inferred Entity Instance: CriticalPathHarness:u_harness|Problema1:u_alu|lpm_divide:Div0 ;
+------------------------+----------------+----------------------------------------------------------------------+
; Parameter Name         ; Value          ; Type                                                                 ;
+------------------------+----------------+----------------------------------------------------------------------+
; LPM_WIDTHN             ; 8              ; Untyped                                                              ;
; LPM_WIDTHD             ; 8              ; Untyped                                                              ;
; LPM_NREPRESENTATION    ; UNSIGNED       ; Untyped                                                              ;
; LPM_DREPRESENTATION    ; UNSIGNED       ; Untyped                                                              ;
; LPM_PIPELINE           ; 0              ; Untyped                                                              ;
; LPM_REMAINDERPOSITIVE  ; TRUE           ; Untyped                                                              ;
; MAXIMIZE_SPEED         ; 5              ; Untyped                                                              ;
; CBXI_PARAMETER         ; lpm_divide_9am ; Untyped                                                              ;
; CARRY_CHAIN            ; MANUAL         ; Untyped                                                              ;
; OPTIMIZE_FOR_SPEED     ; 5              ; Untyped                                                              ;
; AUTO_CARRY_CHAINS      ; ON             ; AUTO_CARRY                                                           ;
; IGNORE_CARRY_BUFFERS   ; OFF            ; IGNORE_CARRY                                                         ;
; AUTO_CASCADE_CHAINS    ; ON             ; AUTO_CASCADE                                                         ;
; IGNORE_CASCADE_BUFFERS ; OFF            ; IGNORE_CASCADE                                                       ;
+------------------------+----------------+----------------------------------------------------------------------+
Note: In order to hide this table in the UI and the text report file, please set the "Show Parameter Settings in Synthesis Report" option in "Analysis and Synthesis Settings -> More Settings" to "Off".


+----------------------------------------------------------------------------------------------------------------+
; Parameter Settings for Inferred Entity Instance: CriticalPathHarness:u_harness|Problema1:u_alu|lpm_divide:Mod0 ;
+------------------------+----------------+----------------------------------------------------------------------+
; Parameter Name         ; Value          ; Type                                                                 ;
+------------------------+----------------+----------------------------------------------------------------------+
; LPM_WIDTHN             ; 8              ; Untyped                                                              ;
; LPM_WIDTHD             ; 8              ; Untyped                                                              ;
; LPM_NREPRESENTATION    ; UNSIGNED       ; Untyped                                                              ;
; LPM_DREPRESENTATION    ; UNSIGNED       ; Untyped                                                              ;
; LPM_PIPELINE           ; 0              ; Untyped                                                              ;
; LPM_REMAINDERPOSITIVE  ; TRUE           ; Untyped                                                              ;
; MAXIMIZE_SPEED         ; 5              ; Untyped                                                              ;
; CBXI_PARAMETER         ; lpm_divide_c2m ; Untyped                                                              ;
; CARRY_CHAIN            ; MANUAL         ; Untyped                                                              ;
; OPTIMIZE_FOR_SPEED     ; 5              ; Untyped                                                              ;
; AUTO_CARRY_CHAINS      ; ON             ; AUTO_CARRY                                                           ;
; IGNORE_CARRY_BUFFERS   ; OFF            ; IGNORE_CARRY                                                         ;
; AUTO_CASCADE_CHAINS    ; ON             ; AUTO_CASCADE                                                         ;
; IGNORE_CASCADE_BUFFERS ; OFF            ; IGNORE_CASCADE                                                       ;
+------------------------+----------------+----------------------------------------------------------------------+
Note: In order to hide this table in the UI and the text report file, please set the "Show Parameter Settings in Synthesis Report" option in "Analysis and Synthesis Settings -> More Settings" to "Off".


+--------------------------------------------------------------------------------------------------------------------------------+
; Port Connectivity Checks: "CriticalPathHarness:u_harness|Problema1:u_alu|multiplier:u_mul|suma_parametrizable:gen_pp[7].add_i" ;
+---------+--------+----------+--------------------------------------------------------------------------------------------------+
; Port    ; Type   ; Severity ; Details                                                                                          ;
+---------+--------+----------+--------------------------------------------------------------------------------------------------+
; B[6..0] ; Input  ; Info     ; Stuck at GND                                                                                     ;
; B[15]   ; Input  ; Info     ; Stuck at GND                                                                                     ;
; CIN     ; Input  ; Info     ; Stuck at GND                                                                                     ;
; cout    ; Output ; Info     ; Connected to dangling logic. Logic that only feeds a dangling port will be removed.              ;
+---------+--------+----------+--------------------------------------------------------------------------------------------------+


+--------------------------------------------------------------------------------------------------------------------------------+
; Port Connectivity Checks: "CriticalPathHarness:u_harness|Problema1:u_alu|multiplier:u_mul|suma_parametrizable:gen_pp[6].add_i" ;
+-----------+--------+----------+------------------------------------------------------------------------------------------------+
; Port      ; Type   ; Severity ; Details                                                                                        ;
+-----------+--------+----------+------------------------------------------------------------------------------------------------+
; B[15..14] ; Input  ; Info     ; Stuck at GND                                                                                   ;
; B[5..0]   ; Input  ; Info     ; Stuck at GND                                                                                   ;
; CIN       ; Input  ; Info     ; Stuck at GND                                                                                   ;
; cout      ; Output ; Info     ; Connected to dangling logic. Logic that only feeds a dangling port will be removed.            ;
+-----------+--------+----------+------------------------------------------------------------------------------------------------+


+--------------------------------------------------------------------------------------------------------------------------------+
; Port Connectivity Checks: "CriticalPathHarness:u_harness|Problema1:u_alu|multiplier:u_mul|suma_parametrizable:gen_pp[5].add_i" ;
+-----------+--------+----------+------------------------------------------------------------------------------------------------+
; Port      ; Type   ; Severity ; Details                                                                                        ;
+-----------+--------+----------+------------------------------------------------------------------------------------------------+
; B[15..13] ; Input  ; Info     ; Stuck at GND                                                                                   ;
; B[4..0]   ; Input  ; Info     ; Stuck at GND                                                                                   ;
; CIN       ; Input  ; Info     ; Stuck at GND                                                                                   ;
; cout      ; Output ; Info     ; Connected to dangling logic. Logic that only feeds a dangling port will be removed.            ;
+-----------+--------+----------+------------------------------------------------------------------------------------------------+


+--------------------------------------------------------------------------------------------------------------------------------+
; Port Connectivity Checks: "CriticalPathHarness:u_harness|Problema1:u_alu|multiplier:u_mul|suma_parametrizable:gen_pp[4].add_i" ;
+-----------+--------+----------+------------------------------------------------------------------------------------------------+
; Port      ; Type   ; Severity ; Details                                                                                        ;
+-----------+--------+----------+------------------------------------------------------------------------------------------------+
; B[15..12] ; Input  ; Info     ; Stuck at GND                                                                                   ;
; B[3..0]   ; Input  ; Info     ; Stuck at GND                                                                                   ;
; CIN       ; Input  ; Info     ; Stuck at GND                                                                                   ;
; cout      ; Output ; Info     ; Connected to dangling logic. Logic that only feeds a dangling port will be removed.            ;
+-----------+--------+----------+------------------------------------------------------------------------------------------------+


+--------------------------------------------------------------------------------------------------------------------------------+
; Port Connectivity Checks: "CriticalPathHarness:u_harness|Problema1:u_alu|multiplier:u_mul|suma_parametrizable:gen_pp[3].add_i" ;
+-----------+--------+----------+------------------------------------------------------------------------------------------------+
; Port      ; Type   ; Severity ; Details                                                                                        ;
+-----------+--------+----------+------------------------------------------------------------------------------------------------+
; B[15..11] ; Input  ; Info     ; Stuck at GND                                                                                   ;
; B[2..0]   ; Input  ; Info     ; Stuck at GND                                                                                   ;
; CIN       ; Input  ; Info     ; Stuck at GND                                                                                   ;
; cout      ; Output ; Info     ; Connected to dangling logic. Logic that only feeds a dangling port will be removed.            ;
+-----------+--------+----------+------------------------------------------------------------------------------------------------+


+--------------------------------------------------------------------------------------------------------------------------------+
; Port Connectivity Checks: "CriticalPathHarness:u_harness|Problema1:u_alu|multiplier:u_mul|suma_parametrizable:gen_pp[2].add_i" ;
+-----------+--------+----------+------------------------------------------------------------------------------------------------+
; Port      ; Type   ; Severity ; Details                                                                                        ;
+-----------+--------+----------+------------------------------------------------------------------------------------------------+
; B[15..10] ; Input  ; Info     ; Stuck at GND                                                                                   ;
; B[1..0]   ; Input  ; Info     ; Stuck at GND                                                                                   ;
; CIN       ; Input  ; Info     ; Stuck at GND                                                                                   ;
; cout      ; Output ; Info     ; Connected to dangling logic. Logic that only feeds a dangling port will be removed.            ;
+-----------+--------+----------+------------------------------------------------------------------------------------------------+


+--------------------------------------------------------------------------------------------------------------------------------+
; Port Connectivity Checks: "CriticalPathHarness:u_harness|Problema1:u_alu|multiplier:u_mul|suma_parametrizable:gen_pp[1].add_i" ;
+----------+--------+----------+-------------------------------------------------------------------------------------------------+
; Port     ; Type   ; Severity ; Details                                                                                         ;
+----------+--------+----------+-------------------------------------------------------------------------------------------------+
; B[15..9] ; Input  ; Info     ; Stuck at GND                                                                                    ;
; B[0]     ; Input  ; Info     ; Stuck at GND                                                                                    ;
; CIN      ; Input  ; Info     ; Stuck at GND                                                                                    ;
; cout     ; Output ; Info     ; Connected to dangling logic. Logic that only feeds a dangling port will be removed.             ;
+----------+--------+----------+-------------------------------------------------------------------------------------------------+


+--------------------------------------------------------------------------------------------------------------------------------+
; Port Connectivity Checks: "CriticalPathHarness:u_harness|Problema1:u_alu|multiplier:u_mul|suma_parametrizable:gen_pp[0].add_i" ;
+----------+--------+----------+-------------------------------------------------------------------------------------------------+
; Port     ; Type   ; Severity ; Details                                                                                         ;
+----------+--------+----------+-------------------------------------------------------------------------------------------------+
; A        ; Input  ; Info     ; Stuck at GND                                                                                    ;
; B[15..8] ; Input  ; Info     ; Stuck at GND                                                                                    ;
; CIN      ; Input  ; Info     ; Stuck at GND                                                                                    ;
; cout     ; Output ; Info     ; Connected to dangling logic. Logic that only feeds a dangling port will be removed.             ;
+----------+--------+----------+-------------------------------------------------------------------------------------------------+


+---------------------------------------------------------------------------------------------------------+
; Port Connectivity Checks: "CriticalPathHarness:u_harness|Problema1:u_alu|restador_parametrizable:u_sub" ;
+-----------+-------+----------+--------------------------------------------------------------------------+
; Port      ; Type  ; Severity ; Details                                                                  ;
+-----------+-------+----------+--------------------------------------------------------------------------+
; BORROW_IN ; Input ; Info     ; Stuck at GND                                                             ;
+-----------+-------+----------+--------------------------------------------------------------------------+


+-----------------------------------------------------------------------------------------------------+
; Port Connectivity Checks: "CriticalPathHarness:u_harness|Problema1:u_alu|suma_parametrizable:u_add" ;
+------+-------+----------+---------------------------------------------------------------------------+
; Port ; Type  ; Severity ; Details                                                                   ;
+------+-------+----------+---------------------------------------------------------------------------+
; CIN  ; Input ; Info     ; Stuck at GND                                                              ;
+------+-------+----------+---------------------------------------------------------------------------+


+----------------------------------------------------------------------------------------------------------------+
; Port Connectivity Checks: "CriticalPathHarness:u_harness|Problema1:u_alu"                                      ;
+------+--------+----------+-------------------------------------------------------------------------------------+
; Port ; Type   ; Severity ; Details                                                                             ;
+------+--------+----------+-------------------------------------------------------------------------------------+
; N    ; Output ; Info     ; Connected to dangling logic. Logic that only feeds a dangling port will be removed. ;
; Z    ; Output ; Info     ; Connected to dangling logic. Logic that only feeds a dangling port will be removed. ;
; C    ; Output ; Info     ; Connected to dangling logic. Logic that only feeds a dangling port will be removed. ;
; V    ; Output ; Info     ; Connected to dangling logic. Logic that only feeds a dangling port will be removed. ;
+------+--------+----------+-------------------------------------------------------------------------------------+


+-----------------------------------------------------------+
; Port Connectivity Checks: "CriticalPathHarness:u_harness" ;
+-------------+-------+----------+--------------------------+
; Port        ; Type  ; Severity ; Details                  ;
+-------------+-------+----------+--------------------------+
; din_a[7..4] ; Input ; Info     ; Stuck at GND             ;
; din_b[7..4] ; Input ; Info     ; Stuck at GND             ;
+-------------+-------+----------+--------------------------+


+-----------------------------------------------------+
; Post-Synthesis Netlist Statistics for Top Partition ;
+-----------------------+-----------------------------+
; Type                  ; Count                       ;
+-----------------------+-----------------------------+
; arriav_ff             ; 18                          ;
;     CLR               ; 18                          ;
; arriav_lcell_comb     ; 220                         ;
;     arith             ; 92                          ;
;         0 data inputs ; 22                          ;
;         1 data inputs ; 8                           ;
;         2 data inputs ; 10                          ;
;         3 data inputs ; 8                           ;
;         4 data inputs ; 38                          ;
;         5 data inputs ; 6                           ;
;     extend            ; 4                           ;
;         7 data inputs ; 4                           ;
;     normal            ; 124                         ;
;         0 data inputs ; 1                           ;
;         2 data inputs ; 28                          ;
;         3 data inputs ; 30                          ;
;         4 data inputs ; 34                          ;
;         5 data inputs ; 23                          ;
;         6 data inputs ; 8                           ;
; boundary_port         ; 25                          ;
;                       ;                             ;
; Max LUT depth         ; 14.60                       ;
; Average LUT depth     ; 10.80                       ;
+-----------------------+-----------------------------+


+-------------------------------+
; Elapsed Time Per Partition    ;
+----------------+--------------+
; Partition Name ; Elapsed Time ;
+----------------+--------------+
; Top            ; 00:00:01     ;
+----------------+--------------+


+-------------------------------+
; Analysis & Synthesis Messages ;
+-------------------------------+
Info: *******************************************************************
Info: Running Quartus Prime Analysis & Synthesis
    Info: Version 20.1.0 Build 711 06/05/2020 SJ Lite Edition
    Info: Processing started: Mon Sep 08 04:55:50 2025
Info: Command: quartus_map --read_settings_files=on --write_settings_files=off Lab2 -c w8
Warning (18236): Number of processors has not been specified which may cause overloading on shared machines.  Set the global assignment NUM_PARALLEL_PROCESSORS in your QSF to an appropriate value for best performance.
Info (20030): Parallel compilation is enabled and will use 16 of the 16 processors detected
Info (12021): Found 1 design units, including 1 entities, in source file suma_posicion.sv
    Info (12023): Found entity 1: suma_posicion File: C:/Users/Usuario/Desktop/TEC II 2025/Taller_DD/laboratorio2/ffuchs_echavarria_digital_design_lab2_2025/problema1 + problema2/suma_posicion.sv Line: 1
Info (12021): Found 1 design units, including 1 entities, in source file suma_parametrizable.sv
    Info (12023): Found entity 1: suma_parametrizable File: C:/Users/Usuario/Desktop/TEC II 2025/Taller_DD/laboratorio2/ffuchs_echavarria_digital_design_lab2_2025/problema1 + problema2/suma_parametrizable.sv Line: 1
Info (12021): Found 1 design units, including 1 entities, in source file tb_suma_parametrizable.sv
    Info (12023): Found entity 1: tb_suma_parametrizable File: C:/Users/Usuario/Desktop/TEC II 2025/Taller_DD/laboratorio2/ffuchs_echavarria_digital_design_lab2_2025/problema1 + problema2/tb_suma_parametrizable.sv Line: 3
Info (12021): Found 1 design units, including 1 entities, in source file restador_parametrizable.sv
    Info (12023): Found entity 1: restador_parametrizable File: C:/Users/Usuario/Desktop/TEC II 2025/Taller_DD/laboratorio2/ffuchs_echavarria_digital_design_lab2_2025/problema1 + problema2/restador_parametrizable.sv Line: 1
Info (12021): Found 1 design units, including 1 entities, in source file tb_restador_parametrizable.sv
    Info (12023): Found entity 1: tb_restador_parametrizable File: C:/Users/Usuario/Desktop/TEC II 2025/Taller_DD/laboratorio2/ffuchs_echavarria_digital_design_lab2_2025/problema1 + problema2/tb_restador_parametrizable.sv Line: 3
Info (12021): Found 1 design units, including 1 entities, in source file problema1.sv
    Info (12023): Found entity 1: Problema1 File: C:/Users/Usuario/Desktop/TEC II 2025/Taller_DD/laboratorio2/ffuchs_echavarria_digital_design_lab2_2025/problema1 + problema2/Problema1.sv Line: 1
Info (12021): Found 1 design units, including 1 entities, in source file tb_problema1.sv
    Info (12023): Found entity 1: tb_problema1 File: C:/Users/Usuario/Desktop/TEC II 2025/Taller_DD/laboratorio2/ffuchs_echavarria_digital_design_lab2_2025/problema1 + problema2/tb_problema1.sv Line: 3
Info (12021): Found 0 design units, including 0 entities, in source file tb_problema1_flags.sv
Info (12021): Found 1 design units, including 1 entities, in source file multiplier.sv
    Info (12023): Found entity 1: multiplier File: C:/Users/Usuario/Desktop/TEC II 2025/Taller_DD/laboratorio2/ffuchs_echavarria_digital_design_lab2_2025/problema1 + problema2/multiplier.sv Line: 4
Info (12021): Found 1 design units, including 1 entities, in source file tb_multiplier.sv
    Info (12023): Found entity 1: tb_multiplier File: C:/Users/Usuario/Desktop/TEC II 2025/Taller_DD/laboratorio2/ffuchs_echavarria_digital_design_lab2_2025/problema1 + problema2/tb_multiplier.sv Line: 3
Info (12021): Found 1 design units, including 1 entities, in source file criticalpathharness.sv
    Info (12023): Found entity 1: CriticalPathHarness File: C:/Users/Usuario/Desktop/TEC II 2025/Taller_DD/laboratorio2/ffuchs_echavarria_digital_design_lab2_2025/problema1 + problema2/CriticalPathHarness.sv Line: 2
Info (12021): Found 1 design units, including 1 entities, in source file top_problema2_minimo.sv
    Info (12023): Found entity 1: Top_Problema2_Minimo File: C:/Users/Usuario/Desktop/TEC II 2025/Taller_DD/laboratorio2/ffuchs_echavarria_digital_design_lab2_2025/problema1 + problema2/Top_Problema2_Minimo.sv Line: 2
Info (12127): Elaborating entity "Top_Problema2_Minimo" for the top level hierarchy
Info (12128): Elaborating entity "CriticalPathHarness" for hierarchy "CriticalPathHarness:u_harness" File: C:/Users/Usuario/Desktop/TEC II 2025/Taller_DD/laboratorio2/ffuchs_echavarria_digital_design_lab2_2025/problema1 + problema2/Top_Problema2_Minimo.sv Line: 35
Info (12128): Elaborating entity "Problema1" for hierarchy "CriticalPathHarness:u_harness|Problema1:u_alu" File: C:/Users/Usuario/Desktop/TEC II 2025/Taller_DD/laboratorio2/ffuchs_echavarria_digital_design_lab2_2025/problema1 + problema2/CriticalPathHarness.sv Line: 35
Info (12128): Elaborating entity "suma_parametrizable" for hierarchy "CriticalPathHarness:u_harness|Problema1:u_alu|suma_parametrizable:u_add" File: C:/Users/Usuario/Desktop/TEC II 2025/Taller_DD/laboratorio2/ffuchs_echavarria_digital_design_lab2_2025/problema1 + problema2/Problema1.sv Line: 25
Info (12128): Elaborating entity "suma_posicion" for hierarchy "CriticalPathHarness:u_harness|Problema1:u_alu|suma_parametrizable:u_add|suma_posicion:sum_loop[0].fa" File: C:/Users/Usuario/Desktop/TEC II 2025/Taller_DD/laboratorio2/ffuchs_echavarria_digital_design_lab2_2025/problema1 + problema2/suma_parametrizable.sv Line: 23
Info (12128): Elaborating entity "restador_parametrizable" for hierarchy "CriticalPathHarness:u_harness|Problema1:u_alu|restador_parametrizable:u_sub" File: C:/Users/Usuario/Desktop/TEC II 2025/Taller_DD/laboratorio2/ffuchs_echavarria_digital_design_lab2_2025/problema1 + problema2/Problema1.sv Line: 37
Info (12128): Elaborating entity "multiplier" for hierarchy "CriticalPathHarness:u_harness|Problema1:u_alu|multiplier:u_mul" File: C:/Users/Usuario/Desktop/TEC II 2025/Taller_DD/laboratorio2/ffuchs_echavarria_digital_design_lab2_2025/problema1 + problema2/Problema1.sv Line: 45
Info (12128): Elaborating entity "suma_parametrizable" for hierarchy "CriticalPathHarness:u_harness|Problema1:u_alu|multiplier:u_mul|suma_parametrizable:gen_pp[0].add_i" File: C:/Users/Usuario/Desktop/TEC II 2025/Taller_DD/laboratorio2/ffuchs_echavarria_digital_design_lab2_2025/problema1 + problema2/multiplier.sv Line: 32
Info (278001): Inferred 2 megafunctions from design logic
    Info (278004): Inferred divider/modulo megafunction ("lpm_divide") from the following logic: "CriticalPathHarness:u_harness|Problema1:u_alu|Div0" File: C:/Users/Usuario/Desktop/TEC II 2025/Taller_DD/laboratorio2/ffuchs_echavarria_digital_design_lab2_2025/problema1 + problema2/Problema1.sv Line: 58
    Info (278004): Inferred divider/modulo megafunction ("lpm_divide") from the following logic: "CriticalPathHarness:u_harness|Problema1:u_alu|Mod0" File: C:/Users/Usuario/Desktop/TEC II 2025/Taller_DD/laboratorio2/ffuchs_echavarria_digital_design_lab2_2025/problema1 + problema2/Problema1.sv Line: 59
Info (12130): Elaborated megafunction instantiation "CriticalPathHarness:u_harness|Problema1:u_alu|lpm_divide:Div0" File: C:/Users/Usuario/Desktop/TEC II 2025/Taller_DD/laboratorio2/ffuchs_echavarria_digital_design_lab2_2025/problema1 + problema2/Problema1.sv Line: 58
Info (12133): Instantiated megafunction "CriticalPathHarness:u_harness|Problema1:u_alu|lpm_divide:Div0" with the following parameter: File: C:/Users/Usuario/Desktop/TEC II 2025/Taller_DD/laboratorio2/ffuchs_echavarria_digital_design_lab2_2025/problema1 + problema2/Problema1.sv Line: 58
    Info (12134): Parameter "LPM_WIDTHN" = "8"
    Info (12134): Parameter "LPM_WIDTHD" = "8"
    Info (12134): Parameter "LPM_NREPRESENTATION" = "UNSIGNED"
    Info (12134): Parameter "LPM_DREPRESENTATION" = "UNSIGNED"
Info (12021): Found 1 design units, including 1 entities, in source file db/lpm_divide_9am.tdf
    Info (12023): Found entity 1: lpm_divide_9am File: C:/Users/Usuario/Desktop/TEC II 2025/Taller_DD/laboratorio2/ffuchs_echavarria_digital_design_lab2_2025/problema1 + problema2/db/lpm_divide_9am.tdf Line: 25
Info (12021): Found 1 design units, including 1 entities, in source file db/sign_div_unsign_fkh.tdf
    Info (12023): Found entity 1: sign_div_unsign_fkh File: C:/Users/Usuario/Desktop/TEC II 2025/Taller_DD/laboratorio2/ffuchs_echavarria_digital_design_lab2_2025/problema1 + problema2/db/sign_div_unsign_fkh.tdf Line: 25
Info (12021): Found 1 design units, including 1 entities, in source file db/alt_u_div_4te.tdf
    Info (12023): Found entity 1: alt_u_div_4te File: C:/Users/Usuario/Desktop/TEC II 2025/Taller_DD/laboratorio2/ffuchs_echavarria_digital_design_lab2_2025/problema1 + problema2/db/alt_u_div_4te.tdf Line: 23
Info (12130): Elaborated megafunction instantiation "CriticalPathHarness:u_harness|Problema1:u_alu|lpm_divide:Mod0" File: C:/Users/Usuario/Desktop/TEC II 2025/Taller_DD/laboratorio2/ffuchs_echavarria_digital_design_lab2_2025/problema1 + problema2/Problema1.sv Line: 59
Info (12133): Instantiated megafunction "CriticalPathHarness:u_harness|Problema1:u_alu|lpm_divide:Mod0" with the following parameter: File: C:/Users/Usuario/Desktop/TEC II 2025/Taller_DD/laboratorio2/ffuchs_echavarria_digital_design_lab2_2025/problema1 + problema2/Problema1.sv Line: 59
    Info (12134): Parameter "LPM_WIDTHN" = "8"
    Info (12134): Parameter "LPM_WIDTHD" = "8"
    Info (12134): Parameter "LPM_NREPRESENTATION" = "UNSIGNED"
    Info (12134): Parameter "LPM_DREPRESENTATION" = "UNSIGNED"
Info (12021): Found 1 design units, including 1 entities, in source file db/lpm_divide_c2m.tdf
    Info (12023): Found entity 1: lpm_divide_c2m File: C:/Users/Usuario/Desktop/TEC II 2025/Taller_DD/laboratorio2/ffuchs_echavarria_digital_design_lab2_2025/problema1 + problema2/db/lpm_divide_c2m.tdf Line: 25
Warning (13024): Output pins are stuck at VCC or GND
    Warning (13410): Pin "LEDR[8]" is stuck at GND File: C:/Users/Usuario/Desktop/TEC II 2025/Taller_DD/laboratorio2/ffuchs_echavarria_digital_design_lab2_2025/problema1 + problema2/Top_Problema2_Minimo.sv Line: 9
    Warning (13410): Pin "LEDR[9]" is stuck at GND File: C:/Users/Usuario/Desktop/TEC II 2025/Taller_DD/laboratorio2/ffuchs_echavarria_digital_design_lab2_2025/problema1 + problema2/Top_Problema2_Minimo.sv Line: 9
Info (286030): Timing-Driven Synthesis is running
Info (16010): Generating hard_block partition "hard_block:auto_generated_inst"
    Info (16011): Adding 0 node(s), including 0 DDIO, 0 PLL, 0 transceiver and 0 LCELL
Warning (21074): Design contains 3 input pin(s) that do not drive logic
    Warning (15610): No output dependent on input pin "KEY[0]" File: C:/Users/Usuario/Desktop/TEC II 2025/Taller_DD/laboratorio2/ffuchs_echavarria_digital_design_lab2_2025/problema1 + problema2/Top_Problema2_Minimo.sv Line: 7
    Warning (15610): No output dependent on input pin "KEY[2]" File: C:/Users/Usuario/Desktop/TEC II 2025/Taller_DD/laboratorio2/ffuchs_echavarria_digital_design_lab2_2025/problema1 + problema2/Top_Problema2_Minimo.sv Line: 7
    Warning (15610): No output dependent on input pin "KEY[3]" File: C:/Users/Usuario/Desktop/TEC II 2025/Taller_DD/laboratorio2/ffuchs_echavarria_digital_design_lab2_2025/problema1 + problema2/Top_Problema2_Minimo.sv Line: 7
Info (21057): Implemented 254 device resources after synthesis - the final resource count might be different
    Info (21058): Implemented 15 input pins
    Info (21059): Implemented 10 output pins
    Info (21061): Implemented 229 logic cells
Info: Quartus Prime Analysis & Synthesis was successful. 0 errors, 8 warnings
    Info: Peak virtual memory: 4912 megabytes
    Info: Processing ended: Mon Sep 08 04:56:02 2025
    Info: Elapsed time: 00:00:12
    Info: Total CPU time (on all processors): 00:00:28


