Analysis & Synthesis report for Lab2
Thu Sep 04 11:13:53 2025
Quartus Prime Version 20.1.0 Build 711 06/05/2020 SJ Lite Edition


---------------------
; Table of Contents ;
---------------------
  1. Legal Notice
  2. Analysis & Synthesis Summary
  3. Analysis & Synthesis Settings
  4. Parallel Compilation
  5. Analysis & Synthesis Source Files Read
  6. Analysis & Synthesis Resource Usage Summary
  7. Analysis & Synthesis Resource Utilization by Entity
  8. General Register Statistics
  9. Inverted Register Statistics
 10. Multiplexer Restructuring Statistics (Restructuring Performed)
 11. Parameter Settings for User Entity Instance: Top-level Entity: |Top_Problema1_FPGA_7SEG
 12. Parameter Settings for User Entity Instance: Problema1:dut
 13. Parameter Settings for User Entity Instance: Problema1:dut|suma_parametrizable:u_add
 14. Parameter Settings for User Entity Instance: Problema1:dut|restador_parametrizable:u_sub
 15. Parameter Settings for User Entity Instance: Problema1:dut|restador_parametrizable:u_sub|suma_parametrizable:U1
 16. Parameter Settings for Inferred Entity Instance: Problema1:dut|lpm_divide:Div0
 17. Parameter Settings for Inferred Entity Instance: Problema1:dut|lpm_divide:Mod0
 18. Port Connectivity Checks: "Problema1:dut|restador_parametrizable:u_sub"
 19. Port Connectivity Checks: "Problema1:dut|suma_parametrizable:u_add"
 20. Post-Synthesis Netlist Statistics for Top Partition
 21. Elapsed Time Per Partition
 22. Analysis & Synthesis Messages



----------------
; Legal Notice ;
----------------
Copyright (C) 2020  Intel Corporation. All rights reserved.
Your use of Intel Corporation's design tools, logic functions 
and other software and tools, and any partner logic 
functions, and any output files from any of the foregoing 
(including device programming or simulation files), and any 
associated documentation or information are expressly subject 
to the terms and conditions of the Intel Program License 
Subscription Agreement, the Intel Quartus Prime License Agreement,
the Intel FPGA IP License Agreement, or other applicable license
agreement, including, without limitation, that your use is for
the sole purpose of programming logic devices manufactured by
Intel and sold by Intel or its authorized distributors.  Please
refer to the applicable agreement for further details, at
https://fpgasoftware.intel.com/eula.



+-------------------------------------------------------------------------------+
; Analysis & Synthesis Summary                                                  ;
+---------------------------------+---------------------------------------------+
; Analysis & Synthesis Status     ; Successful - Thu Sep 04 11:13:53 2025       ;
; Quartus Prime Version           ; 20.1.0 Build 711 06/05/2020 SJ Lite Edition ;
; Revision Name                   ; Lab2                                        ;
; Top-level Entity Name           ; Top_Problema1_FPGA_7SEG                     ;
; Family                          ; Cyclone V                                   ;
; Logic utilization (in ALMs)     ; N/A                                         ;
; Total registers                 ; 26                                          ;
; Total pins                      ; 67                                          ;
; Total virtual pins              ; 0                                           ;
; Total block memory bits         ; 0                                           ;
; Total DSP Blocks                ; 0                                           ;
; Total HSSI RX PCSs              ; 0                                           ;
; Total HSSI PMA RX Deserializers ; 0                                           ;
; Total HSSI TX PCSs              ; 0                                           ;
; Total HSSI PMA TX Serializers   ; 0                                           ;
; Total PLLs                      ; 0                                           ;
; Total DLLs                      ; 0                                           ;
+---------------------------------+---------------------------------------------+


+--------------------------------------------------------------------------------------------------------------------------------+
; Analysis & Synthesis Settings                                                                                                  ;
+---------------------------------------------------------------------------------+-------------------------+--------------------+
; Option                                                                          ; Setting                 ; Default Value      ;
+---------------------------------------------------------------------------------+-------------------------+--------------------+
; Device                                                                          ; 5CSXFC6D6F31C6          ;                    ;
; Top-level entity name                                                           ; Top_Problema1_FPGA_7SEG ; Lab2               ;
; Family name                                                                     ; Cyclone V               ; Cyclone V          ;
; Use smart compilation                                                           ; Off                     ; Off                ;
; Enable parallel Assembler and Timing Analyzer during compilation                ; On                      ; On                 ;
; Enable compact report table                                                     ; Off                     ; Off                ;
; Restructure Multiplexers                                                        ; Auto                    ; Auto               ;
; MLAB Add Timing Constraints For Mixed-Port Feed-Through Mode Setting Don't Care ; Off                     ; Off                ;
; Create Debugging Nodes for IP Cores                                             ; Off                     ; Off                ;
; Preserve fewer node names                                                       ; On                      ; On                 ;
; Intel FPGA IP Evaluation Mode                                                   ; Enable                  ; Enable             ;
; Verilog Version                                                                 ; Verilog_2001            ; Verilog_2001       ;
; VHDL Version                                                                    ; VHDL_1993               ; VHDL_1993          ;
; State Machine Processing                                                        ; Auto                    ; Auto               ;
; Safe State Machine                                                              ; Off                     ; Off                ;
; Extract Verilog State Machines                                                  ; On                      ; On                 ;
; Extract VHDL State Machines                                                     ; On                      ; On                 ;
; Ignore Verilog initial constructs                                               ; Off                     ; Off                ;
; Iteration limit for constant Verilog loops                                      ; 5000                    ; 5000               ;
; Iteration limit for non-constant Verilog loops                                  ; 250                     ; 250                ;
; Add Pass-Through Logic to Inferred RAMs                                         ; On                      ; On                 ;
; Infer RAMs from Raw Logic                                                       ; On                      ; On                 ;
; Parallel Synthesis                                                              ; On                      ; On                 ;
; DSP Block Balancing                                                             ; Auto                    ; Auto               ;
; NOT Gate Push-Back                                                              ; On                      ; On                 ;
; Power-Up Don't Care                                                             ; On                      ; On                 ;
; Remove Redundant Logic Cells                                                    ; Off                     ; Off                ;
; Remove Duplicate Registers                                                      ; On                      ; On                 ;
; Ignore CARRY Buffers                                                            ; Off                     ; Off                ;
; Ignore CASCADE Buffers                                                          ; Off                     ; Off                ;
; Ignore GLOBAL Buffers                                                           ; Off                     ; Off                ;
; Ignore ROW GLOBAL Buffers                                                       ; Off                     ; Off                ;
; Ignore LCELL Buffers                                                            ; Off                     ; Off                ;
; Ignore SOFT Buffers                                                             ; On                      ; On                 ;
; Limit AHDL Integers to 32 Bits                                                  ; Off                     ; Off                ;
; Optimization Technique                                                          ; Balanced                ; Balanced           ;
; Carry Chain Length                                                              ; 70                      ; 70                 ;
; Auto Carry Chains                                                               ; On                      ; On                 ;
; Auto Open-Drain Pins                                                            ; On                      ; On                 ;
; Perform WYSIWYG Primitive Resynthesis                                           ; Off                     ; Off                ;
; Auto ROM Replacement                                                            ; On                      ; On                 ;
; Auto RAM Replacement                                                            ; On                      ; On                 ;
; Auto DSP Block Replacement                                                      ; On                      ; On                 ;
; Auto Shift Register Replacement                                                 ; Auto                    ; Auto               ;
; Allow Shift Register Merging across Hierarchies                                 ; Auto                    ; Auto               ;
; Auto Clock Enable Replacement                                                   ; On                      ; On                 ;
; Strict RAM Replacement                                                          ; Off                     ; Off                ;
; Allow Synchronous Control Signals                                               ; On                      ; On                 ;
; Force Use of Synchronous Clear Signals                                          ; Off                     ; Off                ;
; Auto Resource Sharing                                                           ; Off                     ; Off                ;
; Allow Any RAM Size For Recognition                                              ; Off                     ; Off                ;
; Allow Any ROM Size For Recognition                                              ; Off                     ; Off                ;
; Allow Any Shift Register Size For Recognition                                   ; Off                     ; Off                ;
; Use LogicLock Constraints during Resource Balancing                             ; On                      ; On                 ;
; Ignore translate_off and synthesis_off directives                               ; Off                     ; Off                ;
; Timing-Driven Synthesis                                                         ; On                      ; On                 ;
; Report Parameter Settings                                                       ; On                      ; On                 ;
; Report Source Assignments                                                       ; On                      ; On                 ;
; Report Connectivity Checks                                                      ; On                      ; On                 ;
; Ignore Maximum Fan-Out Assignments                                              ; Off                     ; Off                ;
; Synchronization Register Chain Length                                           ; 3                       ; 3                  ;
; Power Optimization During Synthesis                                             ; Normal compilation      ; Normal compilation ;
; HDL message level                                                               ; Level2                  ; Level2             ;
; Suppress Register Optimization Related Messages                                 ; Off                     ; Off                ;
; Number of Removed Registers Reported in Synthesis Report                        ; 5000                    ; 5000               ;
; Number of Swept Nodes Reported in Synthesis Report                              ; 5000                    ; 5000               ;
; Number of Inverted Registers Reported in Synthesis Report                       ; 100                     ; 100                ;
; Clock MUX Protection                                                            ; On                      ; On                 ;
; Auto Gated Clock Conversion                                                     ; Off                     ; Off                ;
; Block Design Naming                                                             ; Auto                    ; Auto               ;
; SDC constraint protection                                                       ; Off                     ; Off                ;
; Synthesis Effort                                                                ; Auto                    ; Auto               ;
; Shift Register Replacement - Allow Asynchronous Clear Signal                    ; On                      ; On                 ;
; Pre-Mapping Resynthesis Optimization                                            ; Off                     ; Off                ;
; Analysis & Synthesis Message Level                                              ; Medium                  ; Medium             ;
; Disable Register Merging Across Hierarchies                                     ; Auto                    ; Auto               ;
; Resource Aware Inference For Block RAM                                          ; On                      ; On                 ;
; Automatic Parallel Synthesis                                                    ; On                      ; On                 ;
; Partial Reconfiguration Bitstream ID                                            ; Off                     ; Off                ;
+---------------------------------------------------------------------------------+-------------------------+--------------------+


+------------------------------------------+
; Parallel Compilation                     ;
+----------------------------+-------------+
; Processors                 ; Number      ;
+----------------------------+-------------+
; Number detected on machine ; 16          ;
; Maximum allowed            ; 12          ;
;                            ;             ;
; Average used               ; 1.00        ;
; Maximum used               ; 12          ;
;                            ;             ;
; Usage by Processor         ; % Time Used ;
;     Processor 1            ; 100.0%      ;
;     Processors 2-12        ;   0.0%      ;
+----------------------------+-------------+


+--------------------------------------------------------------------------------------------------------------------------------------------------------------------------+
; Analysis & Synthesis Source Files Read                                                                                                                                   ;
+----------------------------------+-----------------+------------------------------+----------------------------------------------------------------------------+---------+
; File Name with User-Entered Path ; Used in Netlist ; File Type                    ; File Name with Absolute Path                                               ; Library ;
+----------------------------------+-----------------+------------------------------+----------------------------------------------------------------------------+---------+
; suma_posicion.sv                 ; yes             ; User SystemVerilog HDL File  ; C:/Users/ffuch/Documents/Lab2/suma_posicion.sv                             ;         ;
; suma_parametrizable.sv           ; yes             ; User SystemVerilog HDL File  ; C:/Users/ffuch/Documents/Lab2/suma_parametrizable.sv                       ;         ;
; restador_parametrizable.sv       ; yes             ; User SystemVerilog HDL File  ; C:/Users/ffuch/Documents/Lab2/restador_parametrizable.sv                   ;         ;
; Problema1.sv                     ; yes             ; User SystemVerilog HDL File  ; C:/Users/ffuch/Documents/Lab2/Problema1.sv                                 ;         ;
; Top_Problema1_FPGA_7SEG.sv       ; yes             ; User SystemVerilog HDL File  ; C:/Users/ffuch/Documents/Lab2/Top_Problema1_FPGA_7SEG.sv                   ;         ;
; lpm_divide.tdf                   ; yes             ; Megafunction                 ; c:/intelfpga_lite/20.1/quartus/libraries/megafunctions/lpm_divide.tdf      ;         ;
; abs_divider.inc                  ; yes             ; Megafunction                 ; c:/intelfpga_lite/20.1/quartus/libraries/megafunctions/abs_divider.inc     ;         ;
; sign_div_unsign.inc              ; yes             ; Megafunction                 ; c:/intelfpga_lite/20.1/quartus/libraries/megafunctions/sign_div_unsign.inc ;         ;
; aglobal201.inc                   ; yes             ; Megafunction                 ; c:/intelfpga_lite/20.1/quartus/libraries/megafunctions/aglobal201.inc      ;         ;
; db/lpm_divide_1am.tdf            ; yes             ; Auto-Generated Megafunction  ; C:/Users/ffuch/Documents/Lab2/db/lpm_divide_1am.tdf                        ;         ;
; db/sign_div_unsign_7kh.tdf       ; yes             ; Auto-Generated Megafunction  ; C:/Users/ffuch/Documents/Lab2/db/sign_div_unsign_7kh.tdf                   ;         ;
; db/alt_u_div_kse.tdf             ; yes             ; Auto-Generated Megafunction  ; C:/Users/ffuch/Documents/Lab2/db/alt_u_div_kse.tdf                         ;         ;
; db/lpm_divide_42m.tdf            ; yes             ; Auto-Generated Megafunction  ; C:/Users/ffuch/Documents/Lab2/db/lpm_divide_42m.tdf                        ;         ;
+----------------------------------+-----------------+------------------------------+----------------------------------------------------------------------------+---------+


+--------------------------------------------------------+
; Analysis & Synthesis Resource Usage Summary            ;
+---------------------------------------------+----------+
; Resource                                    ; Usage    ;
+---------------------------------------------+----------+
; Estimate of Logic utilization (ALMs needed) ; 70       ;
;                                             ;          ;
; Combinational ALUT usage for logic          ; 125      ;
;     -- 7 input functions                    ; 4        ;
;     -- 6 input functions                    ; 9        ;
;     -- 5 input functions                    ; 28       ;
;     -- 4 input functions                    ; 46       ;
;     -- <=3 input functions                  ; 38       ;
;                                             ;          ;
; Dedicated logic registers                   ; 26       ;
;                                             ;          ;
; I/O pins                                    ; 67       ;
;                                             ;          ;
; Total DSP Blocks                            ; 0        ;
;                                             ;          ;
; Maximum fan-out node                        ; B_reg[3] ;
; Maximum fan-out                             ; 35       ;
; Total fan-out                               ; 679      ;
; Average fan-out                             ; 2.38     ;
+---------------------------------------------+----------+


+---------------------------------------------------------------------------------------------------------------------------------------------------------------------------------------------------------------------------------------------------------------------------------------------------------------------------------------+
; Analysis & Synthesis Resource Utilization by Entity                                                                                                                                                                                                                                                                                   ;
+--------------------------------------------+---------------------+---------------------------+-------------------+------------+------+--------------+----------------------------------------------------------------------------------------------------------------------------------------+-------------------------+--------------+
; Compilation Hierarchy Node                 ; Combinational ALUTs ; Dedicated Logic Registers ; Block Memory Bits ; DSP Blocks ; Pins ; Virtual Pins ; Full Hierarchy Name                                                                                                                    ; Entity Name             ; Library Name ;
+--------------------------------------------+---------------------+---------------------------+-------------------+------------+------+--------------+----------------------------------------------------------------------------------------------------------------------------------------+-------------------------+--------------+
; |Top_Problema1_FPGA_7SEG                   ; 125 (38)            ; 26 (26)                   ; 0                 ; 0          ; 67   ; 0            ; |Top_Problema1_FPGA_7SEG                                                                                                               ; Top_Problema1_FPGA_7SEG ; work         ;
;    |Problema1:dut|                         ; 87 (37)             ; 0 (0)                     ; 0                 ; 0          ; 0    ; 0            ; |Top_Problema1_FPGA_7SEG|Problema1:dut                                                                                                 ; Problema1               ; work         ;
;       |lpm_divide:Div0|                    ; 22 (0)              ; 0 (0)                     ; 0                 ; 0          ; 0    ; 0            ; |Top_Problema1_FPGA_7SEG|Problema1:dut|lpm_divide:Div0                                                                                 ; lpm_divide              ; work         ;
;          |lpm_divide_1am:auto_generated|   ; 22 (0)              ; 0 (0)                     ; 0                 ; 0          ; 0    ; 0            ; |Top_Problema1_FPGA_7SEG|Problema1:dut|lpm_divide:Div0|lpm_divide_1am:auto_generated                                                   ; lpm_divide_1am          ; work         ;
;             |sign_div_unsign_7kh:divider|  ; 22 (0)              ; 0 (0)                     ; 0                 ; 0          ; 0    ; 0            ; |Top_Problema1_FPGA_7SEG|Problema1:dut|lpm_divide:Div0|lpm_divide_1am:auto_generated|sign_div_unsign_7kh:divider                       ; sign_div_unsign_7kh     ; work         ;
;                |alt_u_div_kse:divider|     ; 22 (22)             ; 0 (0)                     ; 0                 ; 0          ; 0    ; 0            ; |Top_Problema1_FPGA_7SEG|Problema1:dut|lpm_divide:Div0|lpm_divide_1am:auto_generated|sign_div_unsign_7kh:divider|alt_u_div_kse:divider ; alt_u_div_kse           ; work         ;
;       |lpm_divide:Mod0|                    ; 24 (0)              ; 0 (0)                     ; 0                 ; 0          ; 0    ; 0            ; |Top_Problema1_FPGA_7SEG|Problema1:dut|lpm_divide:Mod0                                                                                 ; lpm_divide              ; work         ;
;          |lpm_divide_42m:auto_generated|   ; 24 (0)              ; 0 (0)                     ; 0                 ; 0          ; 0    ; 0            ; |Top_Problema1_FPGA_7SEG|Problema1:dut|lpm_divide:Mod0|lpm_divide_42m:auto_generated                                                   ; lpm_divide_42m          ; work         ;
;             |sign_div_unsign_7kh:divider|  ; 24 (0)              ; 0 (0)                     ; 0                 ; 0          ; 0    ; 0            ; |Top_Problema1_FPGA_7SEG|Problema1:dut|lpm_divide:Mod0|lpm_divide_42m:auto_generated|sign_div_unsign_7kh:divider                       ; sign_div_unsign_7kh     ; work         ;
;                |alt_u_div_kse:divider|     ; 24 (24)             ; 0 (0)                     ; 0                 ; 0          ; 0    ; 0            ; |Top_Problema1_FPGA_7SEG|Problema1:dut|lpm_divide:Mod0|lpm_divide_42m:auto_generated|sign_div_unsign_7kh:divider|alt_u_div_kse:divider ; alt_u_div_kse           ; work         ;
;       |restador_parametrizable:u_sub|      ; 2 (0)               ; 0 (0)                     ; 0                 ; 0          ; 0    ; 0            ; |Top_Problema1_FPGA_7SEG|Problema1:dut|restador_parametrizable:u_sub                                                                   ; restador_parametrizable ; work         ;
;          |suma_parametrizable:U1|          ; 2 (0)               ; 0 (0)                     ; 0                 ; 0          ; 0    ; 0            ; |Top_Problema1_FPGA_7SEG|Problema1:dut|restador_parametrizable:u_sub|suma_parametrizable:U1                                            ; suma_parametrizable     ; work         ;
;             |suma_posicion:sum_loop[1].fa| ; 1 (1)               ; 0 (0)                     ; 0                 ; 0          ; 0    ; 0            ; |Top_Problema1_FPGA_7SEG|Problema1:dut|restador_parametrizable:u_sub|suma_parametrizable:U1|suma_posicion:sum_loop[1].fa               ; suma_posicion           ; work         ;
;             |suma_posicion:sum_loop[2].fa| ; 1 (1)               ; 0 (0)                     ; 0                 ; 0          ; 0    ; 0            ; |Top_Problema1_FPGA_7SEG|Problema1:dut|restador_parametrizable:u_sub|suma_parametrizable:U1|suma_posicion:sum_loop[2].fa               ; suma_posicion           ; work         ;
;       |suma_parametrizable:u_add|          ; 2 (0)               ; 0 (0)                     ; 0                 ; 0          ; 0    ; 0            ; |Top_Problema1_FPGA_7SEG|Problema1:dut|suma_parametrizable:u_add                                                                       ; suma_parametrizable     ; work         ;
;          |suma_posicion:sum_loop[2].fa|    ; 2 (2)               ; 0 (0)                     ; 0                 ; 0          ; 0    ; 0            ; |Top_Problema1_FPGA_7SEG|Problema1:dut|suma_parametrizable:u_add|suma_posicion:sum_loop[2].fa                                          ; suma_posicion           ; work         ;
+--------------------------------------------+---------------------+---------------------------+-------------------+------------+------+--------------+----------------------------------------------------------------------------------------------------------------------------------------+-------------------------+--------------+
Note: For table entries with two numbers listed, the numbers in parentheses indicate the number of resources of the given type used by the specific entity alone. The numbers listed outside of parentheses indicate the total resources of the given type used by the specific entity and all of its sub-entities in the hierarchy.


+------------------------------------------------------+
; General Register Statistics                          ;
+----------------------------------------------+-------+
; Statistic                                    ; Value ;
+----------------------------------------------+-------+
; Total registers                              ; 26    ;
; Number of registers using Synchronous Clear  ; 0     ;
; Number of registers using Synchronous Load   ; 0     ;
; Number of registers using Asynchronous Clear ; 26    ;
; Number of registers using Asynchronous Load  ; 0     ;
; Number of registers using Clock Enable       ; 11    ;
; Number of registers using Preset             ; 0     ;
+----------------------------------------------+-------+


+--------------------------------------------------+
; Inverted Register Statistics                     ;
+----------------------------------------+---------+
; Inverted Register                      ; Fan out ;
+----------------------------------------+---------+
; key0_sync                              ; 2       ;
; key0_sync_d                            ; 1       ;
; k2_q                                   ; 3       ;
; k2_d                                   ; 2       ;
; k3_q                                   ; 2       ;
; k3_d                                   ; 1       ;
; Total number of inverted registers = 6 ;         ;
+----------------------------------------+---------+


+-----------------------------------------------------------------------------------------------------------------------------------------------------------+
; Multiplexer Restructuring Statistics (Restructuring Performed)                                                                                            ;
+--------------------+-----------+---------------+----------------------+------------------------+------------+---------------------------------------------+
; Multiplexer Inputs ; Bus Width ; Baseline Area ; Area if Restructured ; Saving if Restructured ; Registered ; Example Multiplexer Output                  ;
+--------------------+-----------+---------------+----------------------+------------------------+------------+---------------------------------------------+
; 5:1                ; 4 bits    ; 12 LEs        ; 8 LEs                ; 4 LEs                  ; Yes        ; |Top_Problema1_FPGA_7SEG|opcode_reg[0]      ;
; 15:1               ; 2 bits    ; 20 LEs        ; 18 LEs               ; 2 LEs                  ; No         ; |Top_Problema1_FPGA_7SEG|Problema1:dut|Mux2 ;
+--------------------+-----------+---------------+----------------------+------------------------+------------+---------------------------------------------+


+-----------------------------------------------------------------------------------------+
; Parameter Settings for User Entity Instance: Top-level Entity: |Top_Problema1_FPGA_7SEG ;
+----------------+-------+----------------------------------------------------------------+
; Parameter Name ; Value ; Type                                                           ;
+----------------+-------+----------------------------------------------------------------+
; WIDTH          ; 4     ; Signed Integer                                                 ;
+----------------+-------+----------------------------------------------------------------+
Note: In order to hide this table in the UI and the text report file, please set the "Show Parameter Settings in Synthesis Report" option in "Analysis and Synthesis Settings -> More Settings" to "Off".


+------------------------------------------------------------+
; Parameter Settings for User Entity Instance: Problema1:dut ;
+----------------+-------+-----------------------------------+
; Parameter Name ; Value ; Type                              ;
+----------------+-------+-----------------------------------+
; WIDTH          ; 4     ; Signed Integer                    ;
; SIGNED_OVF     ; 1     ; Unsigned Binary                   ;
+----------------+-------+-----------------------------------+
Note: In order to hide this table in the UI and the text report file, please set the "Show Parameter Settings in Synthesis Report" option in "Analysis and Synthesis Settings -> More Settings" to "Off".


+--------------------------------------------------------------------------------------+
; Parameter Settings for User Entity Instance: Problema1:dut|suma_parametrizable:u_add ;
+----------------+-------+-------------------------------------------------------------+
; Parameter Name ; Value ; Type                                                        ;
+----------------+-------+-------------------------------------------------------------+
; N              ; 4     ; Signed Integer                                              ;
+----------------+-------+-------------------------------------------------------------+
Note: In order to hide this table in the UI and the text report file, please set the "Show Parameter Settings in Synthesis Report" option in "Analysis and Synthesis Settings -> More Settings" to "Off".


+------------------------------------------------------------------------------------------+
; Parameter Settings for User Entity Instance: Problema1:dut|restador_parametrizable:u_sub ;
+----------------+-------+-----------------------------------------------------------------+
; Parameter Name ; Value ; Type                                                            ;
+----------------+-------+-----------------------------------------------------------------+
; N              ; 4     ; Signed Integer                                                  ;
+----------------+-------+-----------------------------------------------------------------+
Note: In order to hide this table in the UI and the text report file, please set the "Show Parameter Settings in Synthesis Report" option in "Analysis and Synthesis Settings -> More Settings" to "Off".


+-----------------------------------------------------------------------------------------------------------------+
; Parameter Settings for User Entity Instance: Problema1:dut|restador_parametrizable:u_sub|suma_parametrizable:U1 ;
+----------------+-------+----------------------------------------------------------------------------------------+
; Parameter Name ; Value ; Type                                                                                   ;
+----------------+-------+----------------------------------------------------------------------------------------+
; N              ; 4     ; Signed Integer                                                                         ;
+----------------+-------+----------------------------------------------------------------------------------------+
Note: In order to hide this table in the UI and the text report file, please set the "Show Parameter Settings in Synthesis Report" option in "Analysis and Synthesis Settings -> More Settings" to "Off".


+--------------------------------------------------------------------------------+
; Parameter Settings for Inferred Entity Instance: Problema1:dut|lpm_divide:Div0 ;
+------------------------+----------------+--------------------------------------+
; Parameter Name         ; Value          ; Type                                 ;
+------------------------+----------------+--------------------------------------+
; LPM_WIDTHN             ; 4              ; Untyped                              ;
; LPM_WIDTHD             ; 4              ; Untyped                              ;
; LPM_NREPRESENTATION    ; UNSIGNED       ; Untyped                              ;
; LPM_DREPRESENTATION    ; UNSIGNED       ; Untyped                              ;
; LPM_PIPELINE           ; 0              ; Untyped                              ;
; LPM_REMAINDERPOSITIVE  ; TRUE           ; Untyped                              ;
; MAXIMIZE_SPEED         ; 5              ; Untyped                              ;
; CBXI_PARAMETER         ; lpm_divide_1am ; Untyped                              ;
; CARRY_CHAIN            ; MANUAL         ; Untyped                              ;
; OPTIMIZE_FOR_SPEED     ; 5              ; Untyped                              ;
; AUTO_CARRY_CHAINS      ; ON             ; AUTO_CARRY                           ;
; IGNORE_CARRY_BUFFERS   ; OFF            ; IGNORE_CARRY                         ;
; AUTO_CASCADE_CHAINS    ; ON             ; AUTO_CASCADE                         ;
; IGNORE_CASCADE_BUFFERS ; OFF            ; IGNORE_CASCADE                       ;
+------------------------+----------------+--------------------------------------+
Note: In order to hide this table in the UI and the text report file, please set the "Show Parameter Settings in Synthesis Report" option in "Analysis and Synthesis Settings -> More Settings" to "Off".


+--------------------------------------------------------------------------------+
; Parameter Settings for Inferred Entity Instance: Problema1:dut|lpm_divide:Mod0 ;
+------------------------+----------------+--------------------------------------+
; Parameter Name         ; Value          ; Type                                 ;
+------------------------+----------------+--------------------------------------+
; LPM_WIDTHN             ; 4              ; Untyped                              ;
; LPM_WIDTHD             ; 4              ; Untyped                              ;
; LPM_NREPRESENTATION    ; UNSIGNED       ; Untyped                              ;
; LPM_DREPRESENTATION    ; UNSIGNED       ; Untyped                              ;
; LPM_PIPELINE           ; 0              ; Untyped                              ;
; LPM_REMAINDERPOSITIVE  ; TRUE           ; Untyped                              ;
; MAXIMIZE_SPEED         ; 5              ; Untyped                              ;
; CBXI_PARAMETER         ; lpm_divide_42m ; Untyped                              ;
; CARRY_CHAIN            ; MANUAL         ; Untyped                              ;
; OPTIMIZE_FOR_SPEED     ; 5              ; Untyped                              ;
; AUTO_CARRY_CHAINS      ; ON             ; AUTO_CARRY                           ;
; IGNORE_CARRY_BUFFERS   ; OFF            ; IGNORE_CARRY                         ;
; AUTO_CASCADE_CHAINS    ; ON             ; AUTO_CASCADE                         ;
; IGNORE_CASCADE_BUFFERS ; OFF            ; IGNORE_CASCADE                       ;
+------------------------+----------------+--------------------------------------+
Note: In order to hide this table in the UI and the text report file, please set the "Show Parameter Settings in Synthesis Report" option in "Analysis and Synthesis Settings -> More Settings" to "Off".


+-------------------------------------------------------------------------+
; Port Connectivity Checks: "Problema1:dut|restador_parametrizable:u_sub" ;
+-----------+-------+----------+------------------------------------------+
; Port      ; Type  ; Severity ; Details                                  ;
+-----------+-------+----------+------------------------------------------+
; BORROW_IN ; Input ; Info     ; Stuck at GND                             ;
+-----------+-------+----------+------------------------------------------+


+---------------------------------------------------------------------+
; Port Connectivity Checks: "Problema1:dut|suma_parametrizable:u_add" ;
+------+-------+----------+-------------------------------------------+
; Port ; Type  ; Severity ; Details                                   ;
+------+-------+----------+-------------------------------------------+
; CIN  ; Input ; Info     ; Stuck at GND                              ;
+------+-------+----------+-------------------------------------------+


+-----------------------------------------------------+
; Post-Synthesis Netlist Statistics for Top Partition ;
+-----------------------+-----------------------------+
; Type                  ; Count                       ;
+-----------------------+-----------------------------+
; arriav_ff             ; 26                          ;
;     CLR               ; 15                          ;
;     ENA CLR           ; 11                          ;
; arriav_lcell_comb     ; 131                         ;
;     arith             ; 12                          ;
;         0 data inputs ; 4                           ;
;         2 data inputs ; 2                           ;
;         5 data inputs ; 6                           ;
;     extend            ; 4                           ;
;         7 data inputs ; 4                           ;
;     normal            ; 97                          ;
;         0 data inputs ; 2                           ;
;         1 data inputs ; 7                           ;
;         2 data inputs ; 11                          ;
;         3 data inputs ; 6                           ;
;         4 data inputs ; 40                          ;
;         5 data inputs ; 22                          ;
;         6 data inputs ; 9                           ;
;     shared            ; 18                          ;
;         0 data inputs ; 6                           ;
;         2 data inputs ; 6                           ;
;         4 data inputs ; 6                           ;
; boundary_port         ; 67                          ;
;                       ;                             ;
; Max LUT depth         ; 9.50                        ;
; Average LUT depth     ; 5.21                        ;
+-----------------------+-----------------------------+


+-------------------------------+
; Elapsed Time Per Partition    ;
+----------------+--------------+
; Partition Name ; Elapsed Time ;
+----------------+--------------+
; Top            ; 00:00:00     ;
+----------------+--------------+


+-------------------------------+
; Analysis & Synthesis Messages ;
+-------------------------------+
Info: *******************************************************************
Info: Running Quartus Prime Analysis & Synthesis
    Info: Version 20.1.0 Build 711 06/05/2020 SJ Lite Edition
    Info: Processing started: Thu Sep 04 11:13:47 2025
Info: Command: quartus_map --read_settings_files=on --write_settings_files=off Lab2 -c Lab2
Warning (18236): Number of processors has not been specified which may cause overloading on shared machines.  Set the global assignment NUM_PARALLEL_PROCESSORS in your QSF to an appropriate value for best performance.
Info (20030): Parallel compilation is enabled and will use 12 of the 12 processors detected
Info (12021): Found 1 design units, including 1 entities, in source file suma_posicion.sv
    Info (12023): Found entity 1: suma_posicion File: C:/Users/ffuch/Documents/Lab2/suma_posicion.sv Line: 1
Info (12021): Found 1 design units, including 1 entities, in source file suma_parametrizable.sv
    Info (12023): Found entity 1: suma_parametrizable File: C:/Users/ffuch/Documents/Lab2/suma_parametrizable.sv Line: 1
Info (12021): Found 1 design units, including 1 entities, in source file tb_suma_parametrizable.sv
    Info (12023): Found entity 1: tb_suma_parametrizable File: C:/Users/ffuch/Documents/Lab2/tb_suma_parametrizable.sv Line: 3
Info (12021): Found 1 design units, including 1 entities, in source file restador_parametrizable.sv
    Info (12023): Found entity 1: restador_parametrizable File: C:/Users/ffuch/Documents/Lab2/restador_parametrizable.sv Line: 1
Info (12021): Found 1 design units, including 1 entities, in source file tb_restador_parametrizable.sv
    Info (12023): Found entity 1: tb_restador_parametrizable File: C:/Users/ffuch/Documents/Lab2/tb_restador_parametrizable.sv Line: 3
Info (12021): Found 1 design units, including 1 entities, in source file mult_parametrizable.sv
    Info (12023): Found entity 1: mult_parametrizable File: C:/Users/ffuch/Documents/Lab2/mult_parametrizable.sv Line: 2
Info (12021): Found 1 design units, including 1 entities, in source file tb_mult_parametrizable.sv
    Info (12023): Found entity 1: tb_mult_parametrizable File: C:/Users/ffuch/Documents/Lab2/tb_mult_parametrizable.sv Line: 3
Info (12021): Found 1 design units, including 1 entities, in source file problema1.sv
    Info (12023): Found entity 1: Problema1 File: C:/Users/ffuch/Documents/Lab2/Problema1.sv Line: 1
Info (12021): Found 1 design units, including 1 entities, in source file tb_problema1.sv
    Info (12023): Found entity 1: tb_problema1 File: C:/Users/ffuch/Documents/Lab2/tb_problema1.sv Line: 3
Info (12021): Found 0 design units, including 0 entities, in source file tb_problema1_flags.sv
Info (12021): Found 1 design units, including 1 entities, in source file top_problema1_fpga_7seg.sv
    Info (12023): Found entity 1: Top_Problema1_FPGA_7SEG File: C:/Users/ffuch/Documents/Lab2/Top_Problema1_FPGA_7SEG.sv Line: 1
Info (12127): Elaborating entity "Top_Problema1_FPGA_7SEG" for the top level hierarchy
Warning (10230): Verilog HDL assignment warning at Top_Problema1_FPGA_7SEG.sv(53): truncated value with size 32 to match size of target (4) File: C:/Users/ffuch/Documents/Lab2/Top_Problema1_FPGA_7SEG.sv Line: 53
Warning (10230): Verilog HDL assignment warning at Top_Problema1_FPGA_7SEG.sv(55): truncated value with size 32 to match size of target (4) File: C:/Users/ffuch/Documents/Lab2/Top_Problema1_FPGA_7SEG.sv Line: 55
Info (12128): Elaborating entity "Problema1" for hierarchy "Problema1:dut" File: C:/Users/ffuch/Documents/Lab2/Top_Problema1_FPGA_7SEG.sv Line: 84
Info (12128): Elaborating entity "suma_parametrizable" for hierarchy "Problema1:dut|suma_parametrizable:u_add" File: C:/Users/ffuch/Documents/Lab2/Problema1.sv Line: 25
Info (12128): Elaborating entity "suma_posicion" for hierarchy "Problema1:dut|suma_parametrizable:u_add|suma_posicion:sum_loop[0].fa" File: C:/Users/ffuch/Documents/Lab2/suma_parametrizable.sv Line: 23
Info (12128): Elaborating entity "restador_parametrizable" for hierarchy "Problema1:dut|restador_parametrizable:u_sub" File: C:/Users/ffuch/Documents/Lab2/Problema1.sv Line: 37
Info (278001): Inferred 2 megafunctions from design logic
    Info (278004): Inferred divider/modulo megafunction ("lpm_divide") from the following logic: "Problema1:dut|Div0" File: C:/Users/ffuch/Documents/Lab2/Problema1.sv Line: 49
    Info (278004): Inferred divider/modulo megafunction ("lpm_divide") from the following logic: "Problema1:dut|Mod0" File: C:/Users/ffuch/Documents/Lab2/Problema1.sv Line: 50
Info (12130): Elaborated megafunction instantiation "Problema1:dut|lpm_divide:Div0" File: C:/Users/ffuch/Documents/Lab2/Problema1.sv Line: 49
Info (12133): Instantiated megafunction "Problema1:dut|lpm_divide:Div0" with the following parameter: File: C:/Users/ffuch/Documents/Lab2/Problema1.sv Line: 49
    Info (12134): Parameter "LPM_WIDTHN" = "4"
    Info (12134): Parameter "LPM_WIDTHD" = "4"
    Info (12134): Parameter "LPM_NREPRESENTATION" = "UNSIGNED"
    Info (12134): Parameter "LPM_DREPRESENTATION" = "UNSIGNED"
Info (12021): Found 1 design units, including 1 entities, in source file db/lpm_divide_1am.tdf
    Info (12023): Found entity 1: lpm_divide_1am File: C:/Users/ffuch/Documents/Lab2/db/lpm_divide_1am.tdf Line: 25
Info (12021): Found 1 design units, including 1 entities, in source file db/sign_div_unsign_7kh.tdf
    Info (12023): Found entity 1: sign_div_unsign_7kh File: C:/Users/ffuch/Documents/Lab2/db/sign_div_unsign_7kh.tdf Line: 25
Info (12021): Found 1 design units, including 1 entities, in source file db/alt_u_div_kse.tdf
    Info (12023): Found entity 1: alt_u_div_kse File: C:/Users/ffuch/Documents/Lab2/db/alt_u_div_kse.tdf Line: 23
Info (12130): Elaborated megafunction instantiation "Problema1:dut|lpm_divide:Mod0" File: C:/Users/ffuch/Documents/Lab2/Problema1.sv Line: 50
Info (12133): Instantiated megafunction "Problema1:dut|lpm_divide:Mod0" with the following parameter: File: C:/Users/ffuch/Documents/Lab2/Problema1.sv Line: 50
    Info (12134): Parameter "LPM_WIDTHN" = "4"
    Info (12134): Parameter "LPM_WIDTHD" = "4"
    Info (12134): Parameter "LPM_NREPRESENTATION" = "UNSIGNED"
    Info (12134): Parameter "LPM_DREPRESENTATION" = "UNSIGNED"
Info (12021): Found 1 design units, including 1 entities, in source file db/lpm_divide_42m.tdf
    Info (12023): Found entity 1: lpm_divide_42m File: C:/Users/ffuch/Documents/Lab2/db/lpm_divide_42m.tdf Line: 25
Warning (13024): Output pins are stuck at VCC or GND
    Warning (13410): Pin "LEDR[4]" is stuck at GND File: C:/Users/ffuch/Documents/Lab2/Top_Problema1_FPGA_7SEG.sv Line: 7
    Warning (13410): Pin "LEDR[5]" is stuck at GND File: C:/Users/ffuch/Documents/Lab2/Top_Problema1_FPGA_7SEG.sv Line: 7
    Warning (13410): Pin "HEX1[0]" is stuck at VCC File: C:/Users/ffuch/Documents/Lab2/Top_Problema1_FPGA_7SEG.sv Line: 8
    Warning (13410): Pin "HEX1[1]" is stuck at VCC File: C:/Users/ffuch/Documents/Lab2/Top_Problema1_FPGA_7SEG.sv Line: 8
    Warning (13410): Pin "HEX1[2]" is stuck at VCC File: C:/Users/ffuch/Documents/Lab2/Top_Problema1_FPGA_7SEG.sv Line: 8
    Warning (13410): Pin "HEX1[3]" is stuck at VCC File: C:/Users/ffuch/Documents/Lab2/Top_Problema1_FPGA_7SEG.sv Line: 8
    Warning (13410): Pin "HEX1[4]" is stuck at VCC File: C:/Users/ffuch/Documents/Lab2/Top_Problema1_FPGA_7SEG.sv Line: 8
    Warning (13410): Pin "HEX1[5]" is stuck at VCC File: C:/Users/ffuch/Documents/Lab2/Top_Problema1_FPGA_7SEG.sv Line: 8
    Warning (13410): Pin "HEX1[6]" is stuck at VCC File: C:/Users/ffuch/Documents/Lab2/Top_Problema1_FPGA_7SEG.sv Line: 8
    Warning (13410): Pin "HEX5[0]" is stuck at VCC File: C:/Users/ffuch/Documents/Lab2/Top_Problema1_FPGA_7SEG.sv Line: 9
    Warning (13410): Pin "HEX5[1]" is stuck at VCC File: C:/Users/ffuch/Documents/Lab2/Top_Problema1_FPGA_7SEG.sv Line: 9
    Warning (13410): Pin "HEX5[2]" is stuck at VCC File: C:/Users/ffuch/Documents/Lab2/Top_Problema1_FPGA_7SEG.sv Line: 9
    Warning (13410): Pin "HEX5[3]" is stuck at VCC File: C:/Users/ffuch/Documents/Lab2/Top_Problema1_FPGA_7SEG.sv Line: 9
    Warning (13410): Pin "HEX5[4]" is stuck at VCC File: C:/Users/ffuch/Documents/Lab2/Top_Problema1_FPGA_7SEG.sv Line: 9
    Warning (13410): Pin "HEX5[5]" is stuck at VCC File: C:/Users/ffuch/Documents/Lab2/Top_Problema1_FPGA_7SEG.sv Line: 9
    Warning (13410): Pin "HEX5[6]" is stuck at VCC File: C:/Users/ffuch/Documents/Lab2/Top_Problema1_FPGA_7SEG.sv Line: 9
Info (286030): Timing-Driven Synthesis is running
Info (16010): Generating hard_block partition "hard_block:auto_generated_inst"
    Info (16011): Adding 0 node(s), including 0 DDIO, 0 PLL, 0 transceiver and 0 LCELL
Warning (21074): Design contains 2 input pin(s) that do not drive logic
    Warning (15610): No output dependent on input pin "SW[0]" File: C:/Users/ffuch/Documents/Lab2/Top_Problema1_FPGA_7SEG.sv Line: 5
    Warning (15610): No output dependent on input pin "SW[9]" File: C:/Users/ffuch/Documents/Lab2/Top_Problema1_FPGA_7SEG.sv Line: 5
Info (21057): Implemented 207 device resources after synthesis - the final resource count might be different
    Info (21058): Implemented 15 input pins
    Info (21059): Implemented 52 output pins
    Info (21061): Implemented 140 logic cells
Info: Quartus Prime Analysis & Synthesis was successful. 0 errors, 23 warnings
    Info: Peak virtual memory: 4895 megabytes
    Info: Processing ended: Thu Sep 04 11:13:53 2025
    Info: Elapsed time: 00:00:06
    Info: Total CPU time (on all processors): 00:00:14


